ARM GAS  C:\Users\Lauriane\AppData\Local\Temp\cctuhgJG.s 			page 1


   1              		.syntax unified
   2              		.cpu cortex-m4
   3              		.eabi_attribute 27, 1
   4              		.fpu fpv4-sp-d16
   5              		.eabi_attribute 20, 1
   6              		.eabi_attribute 21, 1
   7              		.eabi_attribute 23, 3
   8              		.eabi_attribute 24, 1
   9              		.eabi_attribute 25, 1
  10              		.eabi_attribute 26, 1
  11              		.eabi_attribute 30, 1
  12              		.eabi_attribute 34, 1
  13              		.eabi_attribute 18, 4
  14              		.thumb
  15              		.syntax unified
  16              		.file	"cyfitter_sysint_cfg.c"
  17              		.text
  18              	.Ltext0:
  19              		.cfi_sections	.debug_frame
  20              		.global	UART_1_SCB_IRQ_cfg
  21              		.section	.rodata
  22              		.align	2
  23              		.type	UART_1_SCB_IRQ_cfg, %object
  24              		.size	UART_1_SCB_IRQ_cfg, 8
  25              	UART_1_SCB_IRQ_cfg:
  26 0000 2900     		.short	41
  27 0002 0000     		.space	2
  28 0004 07000000 		.word	7
  29              		.text
  30              	.Letext0:
  31              		.file 1 "Generated_Source\\PSoC6\\pdl\\devices/psoc6/include/cy8c6347bzi_bld53.h"
  32              		.file 2 "c:\\program files (x86)\\cypress\\psoc creator\\4.4\\psoc creator\\import\\gnu\\arm\\5.4.
  33              		.file 3 "c:\\program files (x86)\\cypress\\psoc creator\\4.4\\psoc creator\\import\\gnu\\arm\\5.4.
  34              		.file 4 "Generated_Source\\PSoC6\\pdl\\drivers/peripheral/device/cy_device.h"
  35              		.file 5 "Generated_Source\\PSoC6\\pdl\\drivers/peripheral/sysint/cy_sysint.h"
  36              		.file 6 "Generated_Source\\PSoC6\\pdl\\cmsis/include/core_cm4.h"
  37              		.file 7 "Generated_Source\\PSoC6\\cyfitter_sysint_cfg.c"
  38              		.section	.debug_info,"",%progbits
  39              	.Ldebug_info0:
  40 0000 46090000 		.4byte	0x946
  41 0004 0400     		.2byte	0x4
  42 0006 00000000 		.4byte	.Ldebug_abbrev0
  43 000a 04       		.byte	0x4
  44 000b 01       		.uleb128 0x1
  45 000c 69030000 		.4byte	.LASF276
  46 0010 0C       		.byte	0xc
  47 0011 14140000 		.4byte	.LASF277
  48 0015 36080000 		.4byte	.LASF278
  49 0019 00000000 		.4byte	.Ldebug_line0
  50 001d 02       		.uleb128 0x2
  51 001e 02       		.byte	0x2
  52 001f DE030000 		.4byte	0x3de
  53 0023 01       		.byte	0x1
  54 0024 24       		.byte	0x24
  55 0025 DE030000 		.4byte	0x3de
  56 0029 03       		.uleb128 0x3
  57 002a 2A150000 		.4byte	.LASF0
ARM GAS  C:\Users\Lauriane\AppData\Local\Temp\cctuhgJG.s 			page 2


  58 002e 71       		.sleb128 -15
  59 002f 03       		.uleb128 0x3
  60 0030 CE100000 		.4byte	.LASF1
  61 0034 72       		.sleb128 -14
  62 0035 03       		.uleb128 0x3
  63 0036 63150000 		.4byte	.LASF2
  64 003a 73       		.sleb128 -13
  65 003b 03       		.uleb128 0x3
  66 003c A0040000 		.4byte	.LASF3
  67 0040 74       		.sleb128 -12
  68 0041 03       		.uleb128 0x3
  69 0042 F20C0000 		.4byte	.LASF4
  70 0046 75       		.sleb128 -11
  71 0047 03       		.uleb128 0x3
  72 0048 CD130000 		.4byte	.LASF5
  73 004c 76       		.sleb128 -10
  74 004d 03       		.uleb128 0x3
  75 004e F2060000 		.4byte	.LASF6
  76 0052 7B       		.sleb128 -5
  77 0053 03       		.uleb128 0x3
  78 0054 BB130000 		.4byte	.LASF7
  79 0058 7C       		.sleb128 -4
  80 0059 03       		.uleb128 0x3
  81 005a 5D030000 		.4byte	.LASF8
  82 005e 7E       		.sleb128 -2
  83 005f 03       		.uleb128 0x3
  84 0060 B8120000 		.4byte	.LASF9
  85 0064 7F       		.sleb128 -1
  86 0065 04       		.uleb128 0x4
  87 0066 71160000 		.4byte	.LASF10
  88 006a 00       		.byte	0
  89 006b 04       		.uleb128 0x4
  90 006c 4C0E0000 		.4byte	.LASF11
  91 0070 01       		.byte	0x1
  92 0071 04       		.uleb128 0x4
  93 0072 29020000 		.4byte	.LASF12
  94 0076 02       		.byte	0x2
  95 0077 04       		.uleb128 0x4
  96 0078 E2110000 		.4byte	.LASF13
  97 007c 03       		.byte	0x3
  98 007d 04       		.uleb128 0x4
  99 007e C4090000 		.4byte	.LASF14
 100 0082 04       		.byte	0x4
 101 0083 04       		.uleb128 0x4
 102 0084 EB150000 		.4byte	.LASF15
 103 0088 05       		.byte	0x5
 104 0089 04       		.uleb128 0x4
 105 008a 8E0D0000 		.4byte	.LASF16
 106 008e 06       		.byte	0x6
 107 008f 04       		.uleb128 0x4
 108 0090 0B050000 		.4byte	.LASF17
 109 0094 07       		.byte	0x7
 110 0095 04       		.uleb128 0x4
 111 0096 88110000 		.4byte	.LASF18
 112 009a 08       		.byte	0x8
 113 009b 04       		.uleb128 0x4
 114 009c 5A090000 		.4byte	.LASF19
ARM GAS  C:\Users\Lauriane\AppData\Local\Temp\cctuhgJG.s 			page 3


 115 00a0 09       		.byte	0x9
 116 00a1 04       		.uleb128 0x4
 117 00a2 E0090000 		.4byte	.LASF20
 118 00a6 0A       		.byte	0xa
 119 00a7 04       		.uleb128 0x4
 120 00a8 57070000 		.4byte	.LASF21
 121 00ac 0B       		.byte	0xb
 122 00ad 04       		.uleb128 0x4
 123 00ae 50100000 		.4byte	.LASF22
 124 00b2 0C       		.byte	0xc
 125 00b3 04       		.uleb128 0x4
 126 00b4 27050000 		.4byte	.LASF23
 127 00b8 0D       		.byte	0xd
 128 00b9 04       		.uleb128 0x4
 129 00ba 4F110000 		.4byte	.LASF24
 130 00be 0E       		.byte	0xe
 131 00bf 04       		.uleb128 0x4
 132 00c0 24000000 		.4byte	.LASF25
 133 00c4 0F       		.byte	0xf
 134 00c5 04       		.uleb128 0x4
 135 00c6 EB140000 		.4byte	.LASF26
 136 00ca 10       		.byte	0x10
 137 00cb 04       		.uleb128 0x4
 138 00cc FA0B0000 		.4byte	.LASF27
 139 00d0 11       		.byte	0x11
 140 00d1 04       		.uleb128 0x4
 141 00d2 8B040000 		.4byte	.LASF28
 142 00d6 12       		.byte	0x12
 143 00d7 04       		.uleb128 0x4
 144 00d8 C90B0000 		.4byte	.LASF29
 145 00dc 13       		.byte	0x13
 146 00dd 04       		.uleb128 0x4
 147 00de 0D020000 		.4byte	.LASF30
 148 00e2 14       		.byte	0x14
 149 00e3 04       		.uleb128 0x4
 150 00e4 B2060000 		.4byte	.LASF31
 151 00e8 15       		.byte	0x15
 152 00e9 04       		.uleb128 0x4
 153 00ea 1A0A0000 		.4byte	.LASF32
 154 00ee 16       		.byte	0x16
 155 00ef 04       		.uleb128 0x4
 156 00f0 D0010000 		.4byte	.LASF33
 157 00f4 17       		.byte	0x17
 158 00f5 04       		.uleb128 0x4
 159 00f6 6D100000 		.4byte	.LASF34
 160 00fa 18       		.byte	0x18
 161 00fb 04       		.uleb128 0x4
 162 00fc 6A0C0000 		.4byte	.LASF35
 163 0100 19       		.byte	0x19
 164 0101 04       		.uleb128 0x4
 165 0102 B1000000 		.4byte	.LASF36
 166 0106 1A       		.byte	0x1a
 167 0107 04       		.uleb128 0x4
 168 0108 EE070000 		.4byte	.LASF37
 169 010c 1B       		.byte	0x1b
 170 010d 04       		.uleb128 0x4
 171 010e 35170000 		.4byte	.LASF38
ARM GAS  C:\Users\Lauriane\AppData\Local\Temp\cctuhgJG.s 			page 4


 172 0112 1C       		.byte	0x1c
 173 0113 04       		.uleb128 0x4
 174 0114 7B140000 		.4byte	.LASF39
 175 0118 1D       		.byte	0x1d
 176 0119 04       		.uleb128 0x4
 177 011a 100C0000 		.4byte	.LASF40
 178 011e 1E       		.byte	0x1e
 179 011f 04       		.uleb128 0x4
 180 0120 6C110000 		.4byte	.LASF41
 181 0124 1F       		.byte	0x1f
 182 0125 04       		.uleb128 0x4
 183 0126 BD0F0000 		.4byte	.LASF42
 184 012a 20       		.byte	0x20
 185 012b 04       		.uleb128 0x4
 186 012c 74070000 		.4byte	.LASF43
 187 0130 21       		.byte	0x21
 188 0131 04       		.uleb128 0x4
 189 0132 07160000 		.4byte	.LASF44
 190 0136 22       		.byte	0x22
 191 0137 04       		.uleb128 0x4
 192 0138 FD0A0000 		.4byte	.LASF45
 193 013c 23       		.byte	0x23
 194 013d 04       		.uleb128 0x4
 195 013e 6B010000 		.4byte	.LASF46
 196 0142 24       		.byte	0x24
 197 0143 04       		.uleb128 0x4
 198 0144 32110000 		.4byte	.LASF47
 199 0148 25       		.byte	0x25
 200 0149 04       		.uleb128 0x4
 201 014a 88060000 		.4byte	.LASF48
 202 014e 26       		.byte	0x26
 203 014f 04       		.uleb128 0x4
 204 0150 0D150000 		.4byte	.LASF49
 205 0154 27       		.byte	0x27
 206 0155 04       		.uleb128 0x4
 207 0156 B50C0000 		.4byte	.LASF50
 208 015a 28       		.byte	0x28
 209 015b 04       		.uleb128 0x4
 210 015c FE060000 		.4byte	.LASF51
 211 0160 29       		.byte	0x29
 212 0161 04       		.uleb128 0x4
 213 0162 5E0D0000 		.4byte	.LASF52
 214 0166 2A       		.byte	0x2a
 215 0167 04       		.uleb128 0x4
 216 0168 CD110000 		.4byte	.LASF53
 217 016c 2B       		.byte	0x2b
 218 016d 04       		.uleb128 0x4
 219 016e CD000000 		.4byte	.LASF54
 220 0172 2C       		.byte	0x2c
 221 0173 04       		.uleb128 0x4
 222 0174 B5050000 		.4byte	.LASF55
 223 0178 2D       		.byte	0x2d
 224 0179 04       		.uleb128 0x4
 225 017a A00C0000 		.4byte	.LASF56
 226 017e 2E       		.byte	0x2e
 227 017f 04       		.uleb128 0x4
 228 0180 1D110000 		.4byte	.LASF57
ARM GAS  C:\Users\Lauriane\AppData\Local\Temp\cctuhgJG.s 			page 5


 229 0184 2F       		.byte	0x2f
 230 0185 04       		.uleb128 0x4
 231 0186 61170000 		.4byte	.LASF58
 232 018a 30       		.byte	0x30
 233 018b 04       		.uleb128 0x4
 234 018c 2D070000 		.4byte	.LASF59
 235 0190 31       		.byte	0x31
 236 0191 04       		.uleb128 0x4
 237 0192 62120000 		.4byte	.LASF60
 238 0196 32       		.byte	0x32
 239 0197 04       		.uleb128 0x4
 240 0198 780A0000 		.4byte	.LASF61
 241 019c 33       		.byte	0x33
 242 019d 04       		.uleb128 0x4
 243 019e 24010000 		.4byte	.LASF62
 244 01a2 34       		.byte	0x34
 245 01a3 04       		.uleb128 0x4
 246 01a4 220E0000 		.4byte	.LASF63
 247 01a8 35       		.byte	0x35
 248 01a9 04       		.uleb128 0x4
 249 01aa 34130000 		.4byte	.LASF64
 250 01ae 36       		.byte	0x36
 251 01af 04       		.uleb128 0x4
 252 01b0 A7140000 		.4byte	.LASF65
 253 01b4 37       		.byte	0x37
 254 01b5 04       		.uleb128 0x4
 255 01b6 A8090000 		.4byte	.LASF66
 256 01ba 38       		.byte	0x38
 257 01bb 04       		.uleb128 0x4
 258 01bc 90000000 		.4byte	.LASF67
 259 01c0 39       		.byte	0x39
 260 01c1 04       		.uleb128 0x4
 261 01c2 34100000 		.4byte	.LASF68
 262 01c6 3A       		.byte	0x3a
 263 01c7 04       		.uleb128 0x4
 264 01c8 060E0000 		.4byte	.LASF69
 265 01cc 3B       		.byte	0x3b
 266 01cd 04       		.uleb128 0x4
 267 01ce 22090000 		.4byte	.LASF70
 268 01d2 3C       		.byte	0x3c
 269 01d3 04       		.uleb128 0x4
 270 01d4 8D160000 		.4byte	.LASF71
 271 01d8 3D       		.byte	0x3d
 272 01d9 04       		.uleb128 0x4
 273 01da 680E0000 		.4byte	.LASF72
 274 01de 3E       		.byte	0x3e
 275 01df 04       		.uleb128 0x4
 276 01e0 5A020000 		.4byte	.LASF73
 277 01e4 3F       		.byte	0x3f
 278 01e5 04       		.uleb128 0x4
 279 01e6 FE110000 		.4byte	.LASF74
 280 01ea 40       		.byte	0x40
 281 01eb 04       		.uleb128 0x4
 282 01ec FD090000 		.4byte	.LASF75
 283 01f0 41       		.byte	0x41
 284 01f1 04       		.uleb128 0x4
 285 01f2 27030000 		.4byte	.LASF76
ARM GAS  C:\Users\Lauriane\AppData\Local\Temp\cctuhgJG.s 			page 6


 286 01f6 42       		.byte	0x42
 287 01f7 04       		.uleb128 0x4
 288 01f8 D2120000 		.4byte	.LASF77
 289 01fc 43       		.byte	0x43
 290 01fd 04       		.uleb128 0x4
 291 01fe BA0A0000 		.4byte	.LASF78
 292 0202 44       		.byte	0x44
 293 0203 04       		.uleb128 0x4
 294 0204 BE160000 		.4byte	.LASF79
 295 0208 45       		.byte	0x45
 296 0209 04       		.uleb128 0x4
 297 020a 850E0000 		.4byte	.LASF80
 298 020e 46       		.byte	0x46
 299 020f 04       		.uleb128 0x4
 300 0210 D5050000 		.4byte	.LASF81
 301 0214 47       		.byte	0x47
 302 0215 04       		.uleb128 0x4
 303 0216 2B120000 		.4byte	.LASF82
 304 021a 48       		.byte	0x48
 305 021b 04       		.uleb128 0x4
 306 021c 3F0A0000 		.4byte	.LASF83
 307 0220 49       		.byte	0x49
 308 0221 04       		.uleb128 0x4
 309 0222 E2000000 		.4byte	.LASF84
 310 0226 4A       		.byte	0x4a
 311 0227 04       		.uleb128 0x4
 312 0228 EA0D0000 		.4byte	.LASF85
 313 022c 4B       		.byte	0x4b
 314 022d 04       		.uleb128 0x4
 315 022e A10E0000 		.4byte	.LASF86
 316 0232 4C       		.byte	0x4c
 317 0233 04       		.uleb128 0x4
 318 0234 04060000 		.4byte	.LASF87
 319 0238 4D       		.byte	0x4d
 320 0239 04       		.uleb128 0x4
 321 023a CE140000 		.4byte	.LASF88
 322 023e 4E       		.byte	0x4e
 323 023f 04       		.uleb128 0x4
 324 0240 5B0A0000 		.4byte	.LASF89
 325 0244 4F       		.byte	0x4f
 326 0245 04       		.uleb128 0x4
 327 0246 FE000000 		.4byte	.LASF90
 328 024a 50       		.byte	0x50
 329 024b 04       		.uleb128 0x4
 330 024c 8B100000 		.4byte	.LASF91
 331 0250 51       		.byte	0x51
 332 0251 04       		.uleb128 0x4
 333 0252 90070000 		.4byte	.LASF92
 334 0256 52       		.byte	0x52
 335 0257 04       		.uleb128 0x4
 336 0258 2F160000 		.4byte	.LASF93
 337 025c 53       		.byte	0x53
 338 025d 04       		.uleb128 0x4
 339 025e F4160000 		.4byte	.LASF94
 340 0262 54       		.byte	0x54
 341 0263 04       		.uleb128 0x4
 342 0264 1A0B0000 		.4byte	.LASF95
ARM GAS  C:\Users\Lauriane\AppData\Local\Temp\cctuhgJG.s 			page 7


 343 0268 55       		.byte	0x55
 344 0269 04       		.uleb128 0x4
 345 026a CA0D0000 		.4byte	.LASF96
 346 026e 56       		.byte	0x56
 347 026f 04       		.uleb128 0x4
 348 0270 6F050000 		.4byte	.LASF97
 349 0274 57       		.byte	0x57
 350 0275 04       		.uleb128 0x4
 351 0276 76170000 		.4byte	.LASF98
 352 027a 58       		.byte	0x58
 353 027b 04       		.uleb128 0x4
 354 027c 480F0000 		.4byte	.LASF99
 355 0280 59       		.byte	0x59
 356 0281 04       		.uleb128 0x4
 357 0282 10170000 		.4byte	.LASF100
 358 0286 5A       		.byte	0x5a
 359 0287 04       		.uleb128 0x4
 360 0288 860C0000 		.4byte	.LASF101
 361 028c 5B       		.byte	0x5b
 362 028d 04       		.uleb128 0x4
 363 028e 43030000 		.4byte	.LASF102
 364 0292 5C       		.byte	0x5c
 365 0293 04       		.uleb128 0x4
 366 0294 0E130000 		.4byte	.LASF103
 367 0298 5D       		.byte	0x5d
 368 0299 04       		.uleb128 0x4
 369 029a 0A080000 		.4byte	.LASF104
 370 029e 5E       		.byte	0x5e
 371 029f 04       		.uleb128 0x4
 372 02a0 DA160000 		.4byte	.LASF105
 373 02a4 5F       		.byte	0x5f
 374 02a5 04       		.uleb128 0x4
 375 02a6 BE0E0000 		.4byte	.LASF106
 376 02aa 60       		.byte	0x60
 377 02ab 04       		.uleb128 0x4
 378 02ac DB020000 		.4byte	.LASF107
 379 02b0 61       		.byte	0x61
 380 02b1 04       		.uleb128 0x4
 381 02b2 28040000 		.4byte	.LASF108
 382 02b6 62       		.byte	0x62
 383 02b7 04       		.uleb128 0x4
 384 02b8 D7080000 		.4byte	.LASF109
 385 02bc 63       		.byte	0x63
 386 02bd 04       		.uleb128 0x4
 387 02be 96170000 		.4byte	.LASF110
 388 02c2 64       		.byte	0x64
 389 02c3 04       		.uleb128 0x4
 390 02c4 680F0000 		.4byte	.LASF111
 391 02c8 65       		.byte	0x65
 392 02c9 04       		.uleb128 0x4
 393 02ca 13070000 		.4byte	.LASF112
 394 02ce 66       		.byte	0x66
 395 02cf 04       		.uleb128 0x4
 396 02d0 68130000 		.4byte	.LASF113
 397 02d4 67       		.byte	0x67
 398 02d5 04       		.uleb128 0x4
 399 02d6 320B0000 		.4byte	.LASF114
ARM GAS  C:\Users\Lauriane\AppData\Local\Temp\cctuhgJG.s 			page 8


 400 02da 68       		.byte	0x68
 401 02db 04       		.uleb128 0x4
 402 02dc AC010000 		.4byte	.LASF115
 403 02e0 69       		.byte	0x69
 404 02e1 04       		.uleb128 0x4
 405 02e2 EB0E0000 		.4byte	.LASF116
 406 02e6 6A       		.byte	0x6a
 407 02e7 04       		.uleb128 0x4
 408 02e8 CD060000 		.4byte	.LASF117
 409 02ec 6B       		.byte	0x6b
 410 02ed 04       		.uleb128 0x4
 411 02ee D0150000 		.4byte	.LASF118
 412 02f2 6C       		.byte	0x6c
 413 02f3 04       		.uleb128 0x4
 414 02f4 730D0000 		.4byte	.LASF119
 415 02f8 6D       		.byte	0x6d
 416 02f9 04       		.uleb128 0x4
 417 02fa F0040000 		.4byte	.LASF120
 418 02fe 6E       		.byte	0x6e
 419 02ff 04       		.uleb128 0x4
 420 0300 60140000 		.4byte	.LASF121
 421 0304 6F       		.byte	0x6f
 422 0305 04       		.uleb128 0x4
 423 0306 3F090000 		.4byte	.LASF122
 424 030a 70       		.byte	0x70
 425 030b 04       		.uleb128 0x4
 426 030c 3D000000 		.4byte	.LASF123
 427 0310 71       		.byte	0x71
 428 0311 04       		.uleb128 0x4
 429 0312 A20F0000 		.4byte	.LASF124
 430 0316 72       		.byte	0x72
 431 0317 04       		.uleb128 0x4
 432 0318 B6040000 		.4byte	.LASF125
 433 031c 73       		.byte	0x73
 434 031d 04       		.uleb128 0x4
 435 031e A0130000 		.4byte	.LASF126
 436 0322 74       		.byte	0x74
 437 0323 04       		.uleb128 0x4
 438 0324 920B0000 		.4byte	.LASF127
 439 0328 75       		.byte	0x75
 440 0329 04       		.uleb128 0x4
 441 032a E2100000 		.4byte	.LASF128
 442 032e 76       		.byte	0x76
 443 032f 04       		.uleb128 0x4
 444 0330 9C020000 		.4byte	.LASF129
 445 0334 77       		.byte	0x77
 446 0335 04       		.uleb128 0x4
 447 0336 47120000 		.4byte	.LASF130
 448 033a 78       		.byte	0x78
 449 033b 04       		.uleb128 0x4
 450 033c 81020000 		.4byte	.LASF131
 451 0340 79       		.byte	0x79
 452 0341 04       		.uleb128 0x4
 453 0342 96150000 		.4byte	.LASF132
 454 0346 7A       		.byte	0x7a
 455 0347 04       		.uleb128 0x4
 456 0348 260D0000 		.4byte	.LASF133
ARM GAS  C:\Users\Lauriane\AppData\Local\Temp\cctuhgJG.s 			page 9


 457 034c 7B       		.byte	0x7b
 458 034d 04       		.uleb128 0x4
 459 034e D1040000 		.4byte	.LASF134
 460 0352 7C       		.byte	0x7c
 461 0353 04       		.uleb128 0x4
 462 0354 F0130000 		.4byte	.LASF135
 463 0358 7D       		.byte	0x7d
 464 0359 04       		.uleb128 0x4
 465 035a F1080000 		.4byte	.LASF136
 466 035e 7E       		.byte	0x7e
 467 035f 04       		.uleb128 0x4
 468 0360 D90F0000 		.4byte	.LASF137
 469 0364 7F       		.byte	0x7f
 470 0365 04       		.uleb128 0x4
 471 0366 820F0000 		.4byte	.LASF138
 472 036a 80       		.byte	0x80
 473 036b 04       		.uleb128 0x4
 474 036c 75040000 		.4byte	.LASF139
 475 0370 81       		.byte	0x81
 476 0371 04       		.uleb128 0x4
 477 0372 82130000 		.4byte	.LASF140
 478 0376 82       		.byte	0x82
 479 0377 04       		.uleb128 0x4
 480 0378 4C0B0000 		.4byte	.LASF141
 481 037c 83       		.byte	0x83
 482 037d 04       		.uleb128 0x4
 483 037e 62000000 		.4byte	.LASF142
 484 0382 84       		.byte	0x84
 485 0383 04       		.uleb128 0x4
 486 0384 D7070000 		.4byte	.LASF143
 487 0388 85       		.byte	0x85
 488 0389 04       		.uleb128 0x4
 489 038a A1120000 		.4byte	.LASF144
 490 038e 86       		.byte	0x86
 491 038f 04       		.uleb128 0x4
 492 0390 730B0000 		.4byte	.LASF145
 493 0394 87       		.byte	0x87
 494 0395 04       		.uleb128 0x4
 495 0396 B7020000 		.4byte	.LASF146
 496 039a 88       		.byte	0x88
 497 039b 04       		.uleb128 0x4
 498 039c 44050000 		.4byte	.LASF147
 499 03a0 89       		.byte	0x89
 500 03a1 04       		.uleb128 0x4
 501 03a2 7E150000 		.4byte	.LASF148
 502 03a6 8A       		.byte	0x8a
 503 03a7 04       		.uleb128 0x4
 504 03a8 9A080000 		.4byte	.LASF149
 505 03ac 8B       		.byte	0x8b
 506 03ad 04       		.uleb128 0x4
 507 03ae 07090000 		.4byte	.LASF150
 508 03b2 8C       		.byte	0x8c
 509 03b3 04       		.uleb128 0x4
 510 03b4 40070000 		.4byte	.LASF151
 511 03b8 8D       		.byte	0x8d
 512 03b9 04       		.uleb128 0x4
 513 03ba B9110000 		.4byte	.LASF152
ARM GAS  C:\Users\Lauriane\AppData\Local\Temp\cctuhgJG.s 			page 10


 514 03be 8E       		.byte	0x8e
 515 03bf 04       		.uleb128 0x4
 516 03c0 480D0000 		.4byte	.LASF153
 517 03c4 8F       		.byte	0x8f
 518 03c5 04       		.uleb128 0x4
 519 03c6 21060000 		.4byte	.LASF154
 520 03ca 90       		.byte	0x90
 521 03cb 04       		.uleb128 0x4
 522 03cc E70A0000 		.4byte	.LASF155
 523 03d0 91       		.byte	0x91
 524 03d1 04       		.uleb128 0x4
 525 03d2 BE080000 		.4byte	.LASF156
 526 03d6 92       		.byte	0x92
 527 03d7 04       		.uleb128 0x4
 528 03d8 A90A0000 		.4byte	.LASF157
 529 03dc F0       		.byte	0xf0
 530 03dd 00       		.byte	0
 531 03de 05       		.uleb128 0x5
 532 03df 02       		.byte	0x2
 533 03e0 05       		.byte	0x5
 534 03e1 77020000 		.4byte	.LASF158
 535 03e5 06       		.uleb128 0x6
 536 03e6 C2070000 		.4byte	.LASF160
 537 03ea 01       		.byte	0x1
 538 03eb F4       		.byte	0xf4
 539 03ec 1D000000 		.4byte	0x1d
 540 03f0 05       		.uleb128 0x5
 541 03f1 01       		.byte	0x1
 542 03f2 06       		.byte	0x6
 543 03f3 72150000 		.4byte	.LASF159
 544 03f7 06       		.uleb128 0x6
 545 03f8 03150000 		.4byte	.LASF161
 546 03fc 02       		.byte	0x2
 547 03fd 1D       		.byte	0x1d
 548 03fe 02040000 		.4byte	0x402
 549 0402 05       		.uleb128 0x5
 550 0403 01       		.byte	0x1
 551 0404 08       		.byte	0x8
 552 0405 06140000 		.4byte	.LASF162
 553 0409 06       		.uleb128 0x6
 554 040a D20C0000 		.4byte	.LASF163
 555 040e 02       		.byte	0x2
 556 040f 29       		.byte	0x29
 557 0410 DE030000 		.4byte	0x3de
 558 0414 06       		.uleb128 0x6
 559 0415 E7060000 		.4byte	.LASF164
 560 0419 02       		.byte	0x2
 561 041a 2B       		.byte	0x2b
 562 041b 1F040000 		.4byte	0x41f
 563 041f 05       		.uleb128 0x5
 564 0420 02       		.byte	0x2
 565 0421 07       		.byte	0x7
 566 0422 050F0000 		.4byte	.LASF165
 567 0426 06       		.uleb128 0x6
 568 0427 C6010000 		.4byte	.LASF166
 569 042b 02       		.byte	0x2
 570 042c 3F       		.byte	0x3f
ARM GAS  C:\Users\Lauriane\AppData\Local\Temp\cctuhgJG.s 			page 11


 571 042d 31040000 		.4byte	0x431
 572 0431 05       		.uleb128 0x5
 573 0432 04       		.byte	0x4
 574 0433 05       		.byte	0x5
 575 0434 82100000 		.4byte	.LASF167
 576 0438 06       		.uleb128 0x6
 577 0439 41140000 		.4byte	.LASF168
 578 043d 02       		.byte	0x2
 579 043e 41       		.byte	0x41
 580 043f 43040000 		.4byte	0x443
 581 0443 05       		.uleb128 0x5
 582 0444 04       		.byte	0x4
 583 0445 07       		.byte	0x7
 584 0446 FC120000 		.4byte	.LASF169
 585 044a 05       		.uleb128 0x5
 586 044b 08       		.byte	0x8
 587 044c 05       		.byte	0x5
 588 044d 3A0C0000 		.4byte	.LASF170
 589 0451 05       		.uleb128 0x5
 590 0452 08       		.byte	0x8
 591 0453 07       		.byte	0x7
 592 0454 48060000 		.4byte	.LASF171
 593 0458 07       		.uleb128 0x7
 594 0459 04       		.byte	0x4
 595 045a 05       		.byte	0x5
 596 045b 696E7400 		.ascii	"int\000"
 597 045f 05       		.uleb128 0x5
 598 0460 04       		.byte	0x4
 599 0461 07       		.byte	0x7
 600 0462 5E010000 		.4byte	.LASF172
 601 0466 06       		.uleb128 0x6
 602 0467 8A0B0000 		.4byte	.LASF173
 603 046b 03       		.byte	0x3
 604 046c 18       		.byte	0x18
 605 046d F7030000 		.4byte	0x3f7
 606 0471 06       		.uleb128 0x6
 607 0472 42040000 		.4byte	.LASF174
 608 0476 03       		.byte	0x3
 609 0477 20       		.byte	0x20
 610 0478 09040000 		.4byte	0x409
 611 047c 06       		.uleb128 0x6
 612 047d 240F0000 		.4byte	.LASF175
 613 0481 03       		.byte	0x3
 614 0482 24       		.byte	0x24
 615 0483 14040000 		.4byte	0x414
 616 0487 06       		.uleb128 0x6
 617 0488 50130000 		.4byte	.LASF176
 618 048c 03       		.byte	0x3
 619 048d 2C       		.byte	0x2c
 620 048e 26040000 		.4byte	0x426
 621 0492 06       		.uleb128 0x6
 622 0493 E7040000 		.4byte	.LASF177
 623 0497 03       		.byte	0x3
 624 0498 30       		.byte	0x30
 625 0499 38040000 		.4byte	0x438
 626 049d 05       		.uleb128 0x5
 627 049e 04       		.byte	0x4
ARM GAS  C:\Users\Lauriane\AppData\Local\Temp\cctuhgJG.s 			page 12


 628 049f 07       		.byte	0x7
 629 04a0 EF0F0000 		.4byte	.LASF178
 630 04a4 05       		.uleb128 0x5
 631 04a5 08       		.byte	0x8
 632 04a6 04       		.byte	0x4
 633 04a7 180F0000 		.4byte	.LASF179
 634 04ab 08       		.uleb128 0x8
 635 04ac B8       		.byte	0xb8
 636 04ad 04       		.byte	0x4
 637 04ae 34       		.byte	0x34
 638 04af BC080000 		.4byte	0x8bc
 639 04b3 09       		.uleb128 0x9
 640 04b4 F8010000 		.4byte	.LASF180
 641 04b8 04       		.byte	0x4
 642 04b9 37       		.byte	0x37
 643 04ba 92040000 		.4byte	0x492
 644 04be 00       		.byte	0
 645 04bf 09       		.uleb128 0x9
 646 04c0 CA050000 		.4byte	.LASF181
 647 04c4 04       		.byte	0x4
 648 04c5 38       		.byte	0x38
 649 04c6 92040000 		.4byte	0x492
 650 04ca 04       		.byte	0x4
 651 04cb 09       		.uleb128 0x9
 652 04cc 1B010000 		.4byte	.LASF182
 653 04d0 04       		.byte	0x4
 654 04d1 39       		.byte	0x39
 655 04d2 92040000 		.4byte	0x492
 656 04d6 08       		.byte	0x8
 657 04d7 09       		.uleb128 0x9
 658 04d8 98130000 		.4byte	.LASF183
 659 04dc 04       		.byte	0x4
 660 04dd 3A       		.byte	0x3a
 661 04de 92040000 		.4byte	0x492
 662 04e2 0C       		.byte	0xc
 663 04e3 09       		.uleb128 0x9
 664 04e4 2D0F0000 		.4byte	.LASF184
 665 04e8 04       		.byte	0x4
 666 04e9 3B       		.byte	0x3b
 667 04ea 92040000 		.4byte	0x492
 668 04ee 10       		.byte	0x10
 669 04ef 09       		.uleb128 0x9
 670 04f0 E80C0000 		.4byte	.LASF185
 671 04f4 04       		.byte	0x4
 672 04f5 3C       		.byte	0x3c
 673 04f6 92040000 		.4byte	0x492
 674 04fa 14       		.byte	0x14
 675 04fb 09       		.uleb128 0x9
 676 04fc B5080000 		.4byte	.LASF186
 677 0500 04       		.byte	0x4
 678 0501 3D       		.byte	0x3d
 679 0502 92040000 		.4byte	0x492
 680 0506 18       		.byte	0x18
 681 0507 09       		.uleb128 0x9
 682 0508 54160000 		.4byte	.LASF187
 683 050c 04       		.byte	0x4
 684 050d 3E       		.byte	0x3e
ARM GAS  C:\Users\Lauriane\AppData\Local\Temp\cctuhgJG.s 			page 13


 685 050e 92040000 		.4byte	0x492
 686 0512 1C       		.byte	0x1c
 687 0513 09       		.uleb128 0x9
 688 0514 480C0000 		.4byte	.LASF188
 689 0518 04       		.byte	0x4
 690 0519 3F       		.byte	0x3f
 691 051a 92040000 		.4byte	0x492
 692 051e 20       		.byte	0x20
 693 051f 09       		.uleb128 0x9
 694 0520 5F0C0000 		.4byte	.LASF189
 695 0524 04       		.byte	0x4
 696 0525 40       		.byte	0x40
 697 0526 92040000 		.4byte	0x492
 698 052a 24       		.byte	0x24
 699 052b 09       		.uleb128 0x9
 700 052c A8100000 		.4byte	.LASF190
 701 0530 04       		.byte	0x4
 702 0531 43       		.byte	0x43
 703 0532 66040000 		.4byte	0x466
 704 0536 28       		.byte	0x28
 705 0537 09       		.uleb128 0x9
 706 0538 95050000 		.4byte	.LASF191
 707 053c 04       		.byte	0x4
 708 053d 44       		.byte	0x44
 709 053e 66040000 		.4byte	0x466
 710 0542 29       		.byte	0x29
 711 0543 09       		.uleb128 0x9
 712 0544 980F0000 		.4byte	.LASF192
 713 0548 04       		.byte	0x4
 714 0549 45       		.byte	0x45
 715 054a 66040000 		.4byte	0x466
 716 054e 2A       		.byte	0x2a
 717 054f 09       		.uleb128 0x9
 718 0550 FD100000 		.4byte	.LASF193
 719 0554 04       		.byte	0x4
 720 0555 46       		.byte	0x46
 721 0556 66040000 		.4byte	0x466
 722 055a 2B       		.byte	0x2b
 723 055b 09       		.uleb128 0x9
 724 055c C2100000 		.4byte	.LASF194
 725 0560 04       		.byte	0x4
 726 0561 47       		.byte	0x47
 727 0562 66040000 		.4byte	0x466
 728 0566 2C       		.byte	0x2c
 729 0567 09       		.uleb128 0x9
 730 0568 C5120000 		.4byte	.LASF195
 731 056c 04       		.byte	0x4
 732 056d 48       		.byte	0x48
 733 056e 66040000 		.4byte	0x466
 734 0572 2D       		.byte	0x2d
 735 0573 09       		.uleb128 0x9
 736 0574 2A170000 		.4byte	.LASF196
 737 0578 04       		.byte	0x4
 738 0579 49       		.byte	0x49
 739 057a 66040000 		.4byte	0x466
 740 057e 2E       		.byte	0x2e
 741 057f 09       		.uleb128 0x9
ARM GAS  C:\Users\Lauriane\AppData\Local\Temp\cctuhgJG.s 			page 14


 742 0580 23160000 		.4byte	.LASF197
 743 0584 04       		.byte	0x4
 744 0585 4A       		.byte	0x4a
 745 0586 66040000 		.4byte	0x466
 746 058a 2F       		.byte	0x2f
 747 058b 09       		.uleb128 0x9
 748 058c 1C040000 		.4byte	.LASF198
 749 0590 04       		.byte	0x4
 750 0591 4B       		.byte	0x4b
 751 0592 66040000 		.4byte	0x466
 752 0596 30       		.byte	0x30
 753 0597 09       		.uleb128 0x9
 754 0598 AA0D0000 		.4byte	.LASF199
 755 059c 04       		.byte	0x4
 756 059d 4E       		.byte	0x4e
 757 059e 66040000 		.4byte	0x466
 758 05a2 31       		.byte	0x31
 759 05a3 09       		.uleb128 0x9
 760 05a4 AC150000 		.4byte	.LASF200
 761 05a8 04       		.byte	0x4
 762 05a9 4F       		.byte	0x4f
 763 05aa 66040000 		.4byte	0x466
 764 05ae 32       		.byte	0x32
 765 05af 09       		.uleb128 0x9
 766 05b0 3C0D0000 		.4byte	.LASF201
 767 05b4 04       		.byte	0x4
 768 05b5 50       		.byte	0x50
 769 05b6 66040000 		.4byte	0x466
 770 05ba 33       		.byte	0x33
 771 05bb 09       		.uleb128 0x9
 772 05bc 2E0A0000 		.4byte	.LASF202
 773 05c0 04       		.byte	0x4
 774 05c1 51       		.byte	0x51
 775 05c2 66040000 		.4byte	0x466
 776 05c6 34       		.byte	0x34
 777 05c7 09       		.uleb128 0x9
 778 05c8 A5060000 		.4byte	.LASF203
 779 05cc 04       		.byte	0x4
 780 05cd 52       		.byte	0x52
 781 05ce 71040000 		.4byte	0x471
 782 05d2 36       		.byte	0x36
 783 05d3 09       		.uleb128 0x9
 784 05d4 02020000 		.4byte	.LASF204
 785 05d8 04       		.byte	0x4
 786 05d9 53       		.byte	0x53
 787 05da 71040000 		.4byte	0x471
 788 05de 38       		.byte	0x38
 789 05df 09       		.uleb128 0x9
 790 05e0 45020000 		.4byte	.LASF205
 791 05e4 04       		.byte	0x4
 792 05e5 54       		.byte	0x54
 793 05e6 71040000 		.4byte	0x471
 794 05ea 3A       		.byte	0x3a
 795 05eb 09       		.uleb128 0x9
 796 05ec E9010000 		.4byte	.LASF206
 797 05f0 04       		.byte	0x4
 798 05f1 55       		.byte	0x55
ARM GAS  C:\Users\Lauriane\AppData\Local\Temp\cctuhgJG.s 			page 15


 799 05f2 66040000 		.4byte	0x466
 800 05f6 3C       		.byte	0x3c
 801 05f7 09       		.uleb128 0x9
 802 05f8 CC070000 		.4byte	.LASF207
 803 05fc 04       		.byte	0x4
 804 05fd 56       		.byte	0x56
 805 05fe 66040000 		.4byte	0x466
 806 0602 3D       		.byte	0x3d
 807 0603 09       		.uleb128 0x9
 808 0604 78080000 		.4byte	.LASF208
 809 0608 04       		.byte	0x4
 810 0609 57       		.byte	0x57
 811 060a 66040000 		.4byte	0x466
 812 060e 3E       		.byte	0x3e
 813 060f 09       		.uleb128 0x9
 814 0610 DC0C0000 		.4byte	.LASF209
 815 0614 04       		.byte	0x4
 816 0615 58       		.byte	0x58
 817 0616 66040000 		.4byte	0x466
 818 061a 3F       		.byte	0x3f
 819 061b 09       		.uleb128 0x9
 820 061c 88010000 		.4byte	.LASF210
 821 0620 04       		.byte	0x4
 822 0621 59       		.byte	0x59
 823 0622 66040000 		.4byte	0x466
 824 0626 40       		.byte	0x40
 825 0627 09       		.uleb128 0x9
 826 0628 1B120000 		.4byte	.LASF211
 827 062c 04       		.byte	0x4
 828 062d 5A       		.byte	0x5a
 829 062e 66040000 		.4byte	0x466
 830 0632 41       		.byte	0x41
 831 0633 09       		.uleb128 0x9
 832 0634 57150000 		.4byte	.LASF212
 833 0638 04       		.byte	0x4
 834 0639 5B       		.byte	0x5b
 835 063a 66040000 		.4byte	0x466
 836 063e 42       		.byte	0x42
 837 063f 09       		.uleb128 0x9
 838 0640 8C090000 		.4byte	.LASF213
 839 0644 04       		.byte	0x4
 840 0645 5C       		.byte	0x5c
 841 0646 66040000 		.4byte	0x466
 842 064a 43       		.byte	0x43
 843 064b 09       		.uleb128 0x9
 844 064c D60A0000 		.4byte	.LASF214
 845 0650 04       		.byte	0x4
 846 0651 5D       		.byte	0x5d
 847 0652 66040000 		.4byte	0x466
 848 0656 44       		.byte	0x44
 849 0657 09       		.uleb128 0x9
 850 0658 0B110000 		.4byte	.LASF215
 851 065c 04       		.byte	0x4
 852 065d 5E       		.byte	0x5e
 853 065e 92040000 		.4byte	0x492
 854 0662 48       		.byte	0x48
 855 0663 09       		.uleb128 0x9
ARM GAS  C:\Users\Lauriane\AppData\Local\Temp\cctuhgJG.s 			page 16


 856 0664 0B030000 		.4byte	.LASF216
 857 0668 04       		.byte	0x4
 858 0669 5F       		.byte	0x5f
 859 066a 92040000 		.4byte	0x492
 860 066e 4C       		.byte	0x4c
 861 066f 09       		.uleb128 0x9
 862 0670 35150000 		.4byte	.LASF217
 863 0674 04       		.byte	0x4
 864 0675 60       		.byte	0x60
 865 0676 66040000 		.4byte	0x466
 866 067a 50       		.byte	0x50
 867 067b 09       		.uleb128 0x9
 868 067c 24080000 		.4byte	.LASF218
 869 0680 04       		.byte	0x4
 870 0681 61       		.byte	0x61
 871 0682 66040000 		.4byte	0x466
 872 0686 51       		.byte	0x51
 873 0687 09       		.uleb128 0x9
 874 0688 38060000 		.4byte	.LASF219
 875 068c 04       		.byte	0x4
 876 068d 62       		.byte	0x62
 877 068e 66040000 		.4byte	0x466
 878 0692 52       		.byte	0x52
 879 0693 09       		.uleb128 0x9
 880 0694 A3050000 		.4byte	.LASF220
 881 0698 04       		.byte	0x4
 882 0699 63       		.byte	0x63
 883 069a 66040000 		.4byte	0x466
 884 069e 53       		.byte	0x53
 885 069f 09       		.uleb128 0x9
 886 06a0 97140000 		.4byte	.LASF221
 887 06a4 04       		.byte	0x4
 888 06a5 64       		.byte	0x64
 889 06a6 66040000 		.4byte	0x466
 890 06aa 54       		.byte	0x54
 891 06ab 09       		.uleb128 0x9
 892 06ac 86080000 		.4byte	.LASF222
 893 06b0 04       		.byte	0x4
 894 06b1 65       		.byte	0x65
 895 06b2 66040000 		.4byte	0x466
 896 06b6 55       		.byte	0x55
 897 06b7 09       		.uleb128 0x9
 898 06b8 00000000 		.4byte	.LASF223
 899 06bc 04       		.byte	0x4
 900 06bd 66       		.byte	0x66
 901 06be 66040000 		.4byte	0x466
 902 06c2 56       		.byte	0x56
 903 06c3 09       		.uleb128 0x9
 904 06c4 5D160000 		.4byte	.LASF224
 905 06c8 04       		.byte	0x4
 906 06c9 67       		.byte	0x67
 907 06ca 66040000 		.4byte	0x466
 908 06ce 57       		.byte	0x57
 909 06cf 09       		.uleb128 0x9
 910 06d0 AE070000 		.4byte	.LASF225
 911 06d4 04       		.byte	0x4
 912 06d5 68       		.byte	0x68
ARM GAS  C:\Users\Lauriane\AppData\Local\Temp\cctuhgJG.s 			page 17


 913 06d6 66040000 		.4byte	0x466
 914 06da 58       		.byte	0x58
 915 06db 09       		.uleb128 0x9
 916 06dc AA160000 		.4byte	.LASF226
 917 06e0 04       		.byte	0x4
 918 06e1 69       		.byte	0x69
 919 06e2 66040000 		.4byte	0x466
 920 06e6 59       		.byte	0x59
 921 06e7 09       		.uleb128 0x9
 922 06e8 C3140000 		.4byte	.LASF227
 923 06ec 04       		.byte	0x4
 924 06ed 6E       		.byte	0x6e
 925 06ee 7C040000 		.4byte	0x47c
 926 06f2 5A       		.byte	0x5a
 927 06f3 09       		.uleb128 0x9
 928 06f4 55010000 		.4byte	.LASF228
 929 06f8 04       		.byte	0x4
 930 06f9 6F       		.byte	0x6f
 931 06fa 7C040000 		.4byte	0x47c
 932 06fe 5C       		.byte	0x5c
 933 06ff 09       		.uleb128 0x9
 934 0700 500C0000 		.4byte	.LASF229
 935 0704 04       		.byte	0x4
 936 0705 70       		.byte	0x70
 937 0706 66040000 		.4byte	0x466
 938 070a 5E       		.byte	0x5e
 939 070b 09       		.uleb128 0x9
 940 070c BA150000 		.4byte	.LASF230
 941 0710 04       		.byte	0x4
 942 0711 71       		.byte	0x71
 943 0712 66040000 		.4byte	0x466
 944 0716 5F       		.byte	0x5f
 945 0717 09       		.uleb128 0x9
 946 0718 97090000 		.4byte	.LASF231
 947 071c 04       		.byte	0x4
 948 071d 72       		.byte	0x72
 949 071e 66040000 		.4byte	0x466
 950 0722 60       		.byte	0x60
 951 0723 09       		.uleb128 0x9
 952 0724 620B0000 		.4byte	.LASF232
 953 0728 04       		.byte	0x4
 954 0729 73       		.byte	0x73
 955 072a 92040000 		.4byte	0x492
 956 072e 64       		.byte	0x64
 957 072f 09       		.uleb128 0x9
 958 0730 51170000 		.4byte	.LASF233
 959 0734 04       		.byte	0x4
 960 0735 76       		.byte	0x76
 961 0736 7C040000 		.4byte	0x47c
 962 073a 68       		.byte	0x68
 963 073b 09       		.uleb128 0x9
 964 073c 360F0000 		.4byte	.LASF234
 965 0740 04       		.byte	0x4
 966 0741 77       		.byte	0x77
 967 0742 7C040000 		.4byte	0x47c
 968 0746 6A       		.byte	0x6a
 969 0747 09       		.uleb128 0x9
ARM GAS  C:\Users\Lauriane\AppData\Local\Temp\cctuhgJG.s 			page 18


 970 0748 170D0000 		.4byte	.LASF235
 971 074c 04       		.byte	0x4
 972 074d 78       		.byte	0x78
 973 074e 7C040000 		.4byte	0x47c
 974 0752 6C       		.byte	0x6c
 975 0753 09       		.uleb128 0x9
 976 0754 CE020000 		.4byte	.LASF236
 977 0758 04       		.byte	0x4
 978 0759 79       		.byte	0x79
 979 075a 7C040000 		.4byte	0x47c
 980 075e 6E       		.byte	0x6e
 981 075f 09       		.uleb128 0x9
 982 0760 B50B0000 		.4byte	.LASF237
 983 0764 04       		.byte	0x4
 984 0765 7B       		.byte	0x7b
 985 0766 66040000 		.4byte	0x466
 986 076a 70       		.byte	0x70
 987 076b 09       		.uleb128 0x9
 988 076c 4A040000 		.4byte	.LASF238
 989 0770 04       		.byte	0x4
 990 0771 7C       		.byte	0x7c
 991 0772 66040000 		.4byte	0x466
 992 0776 71       		.byte	0x71
 993 0777 09       		.uleb128 0x9
 994 0778 F5020000 		.4byte	.LASF239
 995 077c 04       		.byte	0x4
 996 077d 7D       		.byte	0x7d
 997 077e 66040000 		.4byte	0x466
 998 0782 72       		.byte	0x72
 999 0783 09       		.uleb128 0x9
 1000 0784 95010000 		.4byte	.LASF240
 1001 0788 04       		.byte	0x4
 1002 0789 7E       		.byte	0x7e
 1003 078a 66040000 		.4byte	0x466
 1004 078e 73       		.byte	0x73
 1005 078f 09       		.uleb128 0x9
 1006 0790 22100000 		.4byte	.LASF241
 1007 0794 04       		.byte	0x4
 1008 0795 80       		.byte	0x80
 1009 0796 7C040000 		.4byte	0x47c
 1010 079a 74       		.byte	0x74
 1011 079b 09       		.uleb128 0x9
 1012 079c D80E0000 		.4byte	.LASF242
 1013 07a0 04       		.byte	0x4
 1014 07a1 81       		.byte	0x81
 1015 07a2 7C040000 		.4byte	0x47c
 1016 07a6 76       		.byte	0x76
 1017 07a7 09       		.uleb128 0x9
 1018 07a8 940A0000 		.4byte	.LASF243
 1019 07ac 04       		.byte	0x4
 1020 07ad 82       		.byte	0x82
 1021 07ae 7C040000 		.4byte	0x47c
 1022 07b2 78       		.byte	0x78
 1023 07b3 09       		.uleb128 0x9
 1024 07b4 5F060000 		.4byte	.LASF244
 1025 07b8 04       		.byte	0x4
 1026 07b9 83       		.byte	0x83
ARM GAS  C:\Users\Lauriane\AppData\Local\Temp\cctuhgJG.s 			page 19


 1027 07ba 7C040000 		.4byte	0x47c
 1028 07be 7A       		.byte	0x7a
 1029 07bf 09       		.uleb128 0x9
 1030 07c0 E50B0000 		.4byte	.LASF245
 1031 07c4 04       		.byte	0x4
 1032 07c5 86       		.byte	0x86
 1033 07c6 66040000 		.4byte	0x466
 1034 07ca 7C       		.byte	0x7c
 1035 07cb 09       		.uleb128 0x9
 1036 07cc 46150000 		.4byte	.LASF246
 1037 07d0 04       		.byte	0x4
 1038 07d1 87       		.byte	0x87
 1039 07d2 66040000 		.4byte	0x466
 1040 07d6 7D       		.byte	0x7d
 1041 07d7 09       		.uleb128 0x9
 1042 07d8 F1050000 		.4byte	.LASF247
 1043 07dc 04       		.byte	0x4
 1044 07dd 88       		.byte	0x88
 1045 07de 66040000 		.4byte	0x466
 1046 07e2 7E       		.byte	0x7e
 1047 07e3 09       		.uleb128 0x9
 1048 07e4 5B050000 		.4byte	.LASF248
 1049 07e8 04       		.byte	0x4
 1050 07e9 89       		.byte	0x89
 1051 07ea 66040000 		.4byte	0x466
 1052 07ee 7F       		.byte	0x7f
 1053 07ef 09       		.uleb128 0x9
 1054 07f0 74060000 		.4byte	.LASF249
 1055 07f4 04       		.byte	0x4
 1056 07f5 8A       		.byte	0x8a
 1057 07f6 66040000 		.4byte	0x466
 1058 07fa 80       		.byte	0x80
 1059 07fb 09       		.uleb128 0x9
 1060 07fc 79000000 		.4byte	.LASF250
 1061 0800 04       		.byte	0x4
 1062 0801 8D       		.byte	0x8d
 1063 0802 92040000 		.4byte	0x492
 1064 0806 84       		.byte	0x84
 1065 0807 09       		.uleb128 0x9
 1066 0808 000D0000 		.4byte	.LASF251
 1067 080c 04       		.byte	0x4
 1068 080d 8E       		.byte	0x8e
 1069 080e 92040000 		.4byte	0x492
 1070 0812 88       		.byte	0x88
 1071 0813 09       		.uleb128 0x9
 1072 0814 B50D0000 		.4byte	.LASF252
 1073 0818 04       		.byte	0x4
 1074 0819 8F       		.byte	0x8f
 1075 081a 92040000 		.4byte	0x492
 1076 081e 8C       		.byte	0x8c
 1077 081f 09       		.uleb128 0x9
 1078 0820 0D100000 		.4byte	.LASF253
 1079 0824 04       		.byte	0x4
 1080 0825 90       		.byte	0x90
 1081 0826 92040000 		.4byte	0x492
 1082 082a 90       		.byte	0x90
 1083 082b 09       		.uleb128 0x9
ARM GAS  C:\Users\Lauriane\AppData\Local\Temp\cctuhgJG.s 			page 20


 1084 082c A4110000 		.4byte	.LASF254
 1085 0830 04       		.byte	0x4
 1086 0831 91       		.byte	0x91
 1087 0832 92040000 		.4byte	0x492
 1088 0836 94       		.byte	0x94
 1089 0837 09       		.uleb128 0x9
 1090 0838 5F040000 		.4byte	.LASF255
 1091 083c 04       		.byte	0x4
 1092 083d 92       		.byte	0x92
 1093 083e 92040000 		.4byte	0x492
 1094 0842 98       		.byte	0x98
 1095 0843 09       		.uleb128 0x9
 1096 0844 7E120000 		.4byte	.LASF256
 1097 0848 04       		.byte	0x4
 1098 0849 93       		.byte	0x93
 1099 084a 92040000 		.4byte	0x492
 1100 084e 9C       		.byte	0x9c
 1101 084f 09       		.uleb128 0x9
 1102 0850 76090000 		.4byte	.LASF257
 1103 0854 04       		.byte	0x4
 1104 0855 94       		.byte	0x94
 1105 0856 92040000 		.4byte	0x492
 1106 085a A0       		.byte	0xa0
 1107 085b 09       		.uleb128 0x9
 1108 085c 40010000 		.4byte	.LASF258
 1109 0860 04       		.byte	0x4
 1110 0861 95       		.byte	0x95
 1111 0862 7C040000 		.4byte	0x47c
 1112 0866 A4       		.byte	0xa4
 1113 0867 09       		.uleb128 0x9
 1114 0868 F80F0000 		.4byte	.LASF259
 1115 086c 04       		.byte	0x4
 1116 086d 96       		.byte	0x96
 1117 086e 7C040000 		.4byte	0x47c
 1118 0872 A6       		.byte	0xa6
 1119 0873 09       		.uleb128 0x9
 1120 0874 28130000 		.4byte	.LASF260
 1121 0878 04       		.byte	0x4
 1122 0879 97       		.byte	0x97
 1123 087a 7C040000 		.4byte	0x47c
 1124 087e A8       		.byte	0xa8
 1125 087f 09       		.uleb128 0x9
 1126 0880 2C0C0000 		.4byte	.LASF261
 1127 0884 04       		.byte	0x4
 1128 0885 98       		.byte	0x98
 1129 0886 7C040000 		.4byte	0x47c
 1130 088a AA       		.byte	0xaa
 1131 088b 09       		.uleb128 0x9
 1132 088c 19030000 		.4byte	.LASF262
 1133 0890 04       		.byte	0x4
 1134 0891 99       		.byte	0x99
 1135 0892 7C040000 		.4byte	0x47c
 1136 0896 AC       		.byte	0xac
 1137 0897 09       		.uleb128 0x9
 1138 0898 3E0E0000 		.4byte	.LASF263
 1139 089c 04       		.byte	0x4
 1140 089d 9A       		.byte	0x9a
ARM GAS  C:\Users\Lauriane\AppData\Local\Temp\cctuhgJG.s 			page 21


 1141 089e 7C040000 		.4byte	0x47c
 1142 08a2 AE       		.byte	0xae
 1143 08a3 09       		.uleb128 0x9
 1144 08a4 EE120000 		.4byte	.LASF264
 1145 08a8 04       		.byte	0x4
 1146 08a9 9D       		.byte	0x9d
 1147 08aa 7C040000 		.4byte	0x47c
 1148 08ae B0       		.byte	0xb0
 1149 08af 09       		.uleb128 0x9
 1150 08b0 4C140000 		.4byte	.LASF265
 1151 08b4 04       		.byte	0x4
 1152 08b5 9E       		.byte	0x9e
 1153 08b6 92040000 		.4byte	0x492
 1154 08ba B4       		.byte	0xb4
 1155 08bb 00       		.byte	0
 1156 08bc 06       		.uleb128 0x6
 1157 08bd 58130000 		.4byte	.LASF266
 1158 08c1 04       		.byte	0x4
 1159 08c2 9F       		.byte	0x9f
 1160 08c3 AB040000 		.4byte	0x4ab
 1161 08c7 05       		.uleb128 0x5
 1162 08c8 01       		.byte	0x1
 1163 08c9 08       		.byte	0x8
 1164 08ca AC000000 		.4byte	.LASF267
 1165 08ce 05       		.uleb128 0x5
 1166 08cf 04       		.byte	0x4
 1167 08d0 04       		.byte	0x4
 1168 08d1 8F050000 		.4byte	.LASF268
 1169 08d5 05       		.uleb128 0x5
 1170 08d6 08       		.byte	0x8
 1171 08d7 04       		.byte	0x4
 1172 08d8 4D160000 		.4byte	.LASF269
 1173 08dc 0A       		.uleb128 0xa
 1174 08dd 08       		.byte	0x8
 1175 08de 05       		.byte	0x5
 1176 08df 2D01     		.2byte	0x12d
 1177 08e1 00090000 		.4byte	0x900
 1178 08e5 0B       		.uleb128 0xb
 1179 08e6 AD0B0000 		.4byte	.LASF270
 1180 08ea 05       		.byte	0x5
 1181 08eb 2E01     		.2byte	0x12e
 1182 08ed E5030000 		.4byte	0x3e5
 1183 08f1 00       		.byte	0
 1184 08f2 0B       		.uleb128 0xb
 1185 08f3 94120000 		.4byte	.LASF271
 1186 08f7 05       		.byte	0x5
 1187 08f8 3201     		.2byte	0x132
 1188 08fa 92040000 		.4byte	0x492
 1189 08fe 04       		.byte	0x4
 1190 08ff 00       		.byte	0
 1191 0900 0C       		.uleb128 0xc
 1192 0901 14000000 		.4byte	.LASF272
 1193 0905 05       		.byte	0x5
 1194 0906 3301     		.2byte	0x133
 1195 0908 DC080000 		.4byte	0x8dc
 1196 090c 0D       		.uleb128 0xd
 1197 090d B5100000 		.4byte	.LASF273
ARM GAS  C:\Users\Lauriane\AppData\Local\Temp\cctuhgJG.s 			page 22


 1198 0911 06       		.byte	0x6
 1199 0912 F907     		.2byte	0x7f9
 1200 0914 18090000 		.4byte	0x918
 1201 0918 0E       		.uleb128 0xe
 1202 0919 87040000 		.4byte	0x487
 1203 091d 0F       		.uleb128 0xf
 1204 091e 58000000 		.4byte	.LASF274
 1205 0922 04       		.byte	0x4
 1206 0923 A7       		.byte	0xa7
 1207 0924 28090000 		.4byte	0x928
 1208 0928 10       		.uleb128 0x10
 1209 0929 04       		.byte	0x4
 1210 092a 2E090000 		.4byte	0x92e
 1211 092e 11       		.uleb128 0x11
 1212 092f BC080000 		.4byte	0x8bc
 1213 0933 12       		.uleb128 0x12
 1214 0934 DD130000 		.4byte	.LASF275
 1215 0938 07       		.byte	0x7
 1216 0939 18       		.byte	0x18
 1217 093a 44090000 		.4byte	0x944
 1218 093e 05       		.uleb128 0x5
 1219 093f 03       		.byte	0x3
 1220 0940 00000000 		.4byte	UART_1_SCB_IRQ_cfg
 1221 0944 11       		.uleb128 0x11
 1222 0945 00090000 		.4byte	0x900
 1223 0949 00       		.byte	0
 1224              		.section	.debug_abbrev,"",%progbits
 1225              	.Ldebug_abbrev0:
 1226 0000 01       		.uleb128 0x1
 1227 0001 11       		.uleb128 0x11
 1228 0002 01       		.byte	0x1
 1229 0003 25       		.uleb128 0x25
 1230 0004 0E       		.uleb128 0xe
 1231 0005 13       		.uleb128 0x13
 1232 0006 0B       		.uleb128 0xb
 1233 0007 03       		.uleb128 0x3
 1234 0008 0E       		.uleb128 0xe
 1235 0009 1B       		.uleb128 0x1b
 1236 000a 0E       		.uleb128 0xe
 1237 000b 10       		.uleb128 0x10
 1238 000c 17       		.uleb128 0x17
 1239 000d 00       		.byte	0
 1240 000e 00       		.byte	0
 1241 000f 02       		.uleb128 0x2
 1242 0010 04       		.uleb128 0x4
 1243 0011 01       		.byte	0x1
 1244 0012 0B       		.uleb128 0xb
 1245 0013 0B       		.uleb128 0xb
 1246 0014 49       		.uleb128 0x49
 1247 0015 13       		.uleb128 0x13
 1248 0016 3A       		.uleb128 0x3a
 1249 0017 0B       		.uleb128 0xb
 1250 0018 3B       		.uleb128 0x3b
 1251 0019 0B       		.uleb128 0xb
 1252 001a 01       		.uleb128 0x1
 1253 001b 13       		.uleb128 0x13
 1254 001c 00       		.byte	0
ARM GAS  C:\Users\Lauriane\AppData\Local\Temp\cctuhgJG.s 			page 23


 1255 001d 00       		.byte	0
 1256 001e 03       		.uleb128 0x3
 1257 001f 28       		.uleb128 0x28
 1258 0020 00       		.byte	0
 1259 0021 03       		.uleb128 0x3
 1260 0022 0E       		.uleb128 0xe
 1261 0023 1C       		.uleb128 0x1c
 1262 0024 0D       		.uleb128 0xd
 1263 0025 00       		.byte	0
 1264 0026 00       		.byte	0
 1265 0027 04       		.uleb128 0x4
 1266 0028 28       		.uleb128 0x28
 1267 0029 00       		.byte	0
 1268 002a 03       		.uleb128 0x3
 1269 002b 0E       		.uleb128 0xe
 1270 002c 1C       		.uleb128 0x1c
 1271 002d 0B       		.uleb128 0xb
 1272 002e 00       		.byte	0
 1273 002f 00       		.byte	0
 1274 0030 05       		.uleb128 0x5
 1275 0031 24       		.uleb128 0x24
 1276 0032 00       		.byte	0
 1277 0033 0B       		.uleb128 0xb
 1278 0034 0B       		.uleb128 0xb
 1279 0035 3E       		.uleb128 0x3e
 1280 0036 0B       		.uleb128 0xb
 1281 0037 03       		.uleb128 0x3
 1282 0038 0E       		.uleb128 0xe
 1283 0039 00       		.byte	0
 1284 003a 00       		.byte	0
 1285 003b 06       		.uleb128 0x6
 1286 003c 16       		.uleb128 0x16
 1287 003d 00       		.byte	0
 1288 003e 03       		.uleb128 0x3
 1289 003f 0E       		.uleb128 0xe
 1290 0040 3A       		.uleb128 0x3a
 1291 0041 0B       		.uleb128 0xb
 1292 0042 3B       		.uleb128 0x3b
 1293 0043 0B       		.uleb128 0xb
 1294 0044 49       		.uleb128 0x49
 1295 0045 13       		.uleb128 0x13
 1296 0046 00       		.byte	0
 1297 0047 00       		.byte	0
 1298 0048 07       		.uleb128 0x7
 1299 0049 24       		.uleb128 0x24
 1300 004a 00       		.byte	0
 1301 004b 0B       		.uleb128 0xb
 1302 004c 0B       		.uleb128 0xb
 1303 004d 3E       		.uleb128 0x3e
 1304 004e 0B       		.uleb128 0xb
 1305 004f 03       		.uleb128 0x3
 1306 0050 08       		.uleb128 0x8
 1307 0051 00       		.byte	0
 1308 0052 00       		.byte	0
 1309 0053 08       		.uleb128 0x8
 1310 0054 13       		.uleb128 0x13
 1311 0055 01       		.byte	0x1
ARM GAS  C:\Users\Lauriane\AppData\Local\Temp\cctuhgJG.s 			page 24


 1312 0056 0B       		.uleb128 0xb
 1313 0057 0B       		.uleb128 0xb
 1314 0058 3A       		.uleb128 0x3a
 1315 0059 0B       		.uleb128 0xb
 1316 005a 3B       		.uleb128 0x3b
 1317 005b 0B       		.uleb128 0xb
 1318 005c 01       		.uleb128 0x1
 1319 005d 13       		.uleb128 0x13
 1320 005e 00       		.byte	0
 1321 005f 00       		.byte	0
 1322 0060 09       		.uleb128 0x9
 1323 0061 0D       		.uleb128 0xd
 1324 0062 00       		.byte	0
 1325 0063 03       		.uleb128 0x3
 1326 0064 0E       		.uleb128 0xe
 1327 0065 3A       		.uleb128 0x3a
 1328 0066 0B       		.uleb128 0xb
 1329 0067 3B       		.uleb128 0x3b
 1330 0068 0B       		.uleb128 0xb
 1331 0069 49       		.uleb128 0x49
 1332 006a 13       		.uleb128 0x13
 1333 006b 38       		.uleb128 0x38
 1334 006c 0B       		.uleb128 0xb
 1335 006d 00       		.byte	0
 1336 006e 00       		.byte	0
 1337 006f 0A       		.uleb128 0xa
 1338 0070 13       		.uleb128 0x13
 1339 0071 01       		.byte	0x1
 1340 0072 0B       		.uleb128 0xb
 1341 0073 0B       		.uleb128 0xb
 1342 0074 3A       		.uleb128 0x3a
 1343 0075 0B       		.uleb128 0xb
 1344 0076 3B       		.uleb128 0x3b
 1345 0077 05       		.uleb128 0x5
 1346 0078 01       		.uleb128 0x1
 1347 0079 13       		.uleb128 0x13
 1348 007a 00       		.byte	0
 1349 007b 00       		.byte	0
 1350 007c 0B       		.uleb128 0xb
 1351 007d 0D       		.uleb128 0xd
 1352 007e 00       		.byte	0
 1353 007f 03       		.uleb128 0x3
 1354 0080 0E       		.uleb128 0xe
 1355 0081 3A       		.uleb128 0x3a
 1356 0082 0B       		.uleb128 0xb
 1357 0083 3B       		.uleb128 0x3b
 1358 0084 05       		.uleb128 0x5
 1359 0085 49       		.uleb128 0x49
 1360 0086 13       		.uleb128 0x13
 1361 0087 38       		.uleb128 0x38
 1362 0088 0B       		.uleb128 0xb
 1363 0089 00       		.byte	0
 1364 008a 00       		.byte	0
 1365 008b 0C       		.uleb128 0xc
 1366 008c 16       		.uleb128 0x16
 1367 008d 00       		.byte	0
 1368 008e 03       		.uleb128 0x3
ARM GAS  C:\Users\Lauriane\AppData\Local\Temp\cctuhgJG.s 			page 25


 1369 008f 0E       		.uleb128 0xe
 1370 0090 3A       		.uleb128 0x3a
 1371 0091 0B       		.uleb128 0xb
 1372 0092 3B       		.uleb128 0x3b
 1373 0093 05       		.uleb128 0x5
 1374 0094 49       		.uleb128 0x49
 1375 0095 13       		.uleb128 0x13
 1376 0096 00       		.byte	0
 1377 0097 00       		.byte	0
 1378 0098 0D       		.uleb128 0xd
 1379 0099 34       		.uleb128 0x34
 1380 009a 00       		.byte	0
 1381 009b 03       		.uleb128 0x3
 1382 009c 0E       		.uleb128 0xe
 1383 009d 3A       		.uleb128 0x3a
 1384 009e 0B       		.uleb128 0xb
 1385 009f 3B       		.uleb128 0x3b
 1386 00a0 05       		.uleb128 0x5
 1387 00a1 49       		.uleb128 0x49
 1388 00a2 13       		.uleb128 0x13
 1389 00a3 3F       		.uleb128 0x3f
 1390 00a4 19       		.uleb128 0x19
 1391 00a5 3C       		.uleb128 0x3c
 1392 00a6 19       		.uleb128 0x19
 1393 00a7 00       		.byte	0
 1394 00a8 00       		.byte	0
 1395 00a9 0E       		.uleb128 0xe
 1396 00aa 35       		.uleb128 0x35
 1397 00ab 00       		.byte	0
 1398 00ac 49       		.uleb128 0x49
 1399 00ad 13       		.uleb128 0x13
 1400 00ae 00       		.byte	0
 1401 00af 00       		.byte	0
 1402 00b0 0F       		.uleb128 0xf
 1403 00b1 34       		.uleb128 0x34
 1404 00b2 00       		.byte	0
 1405 00b3 03       		.uleb128 0x3
 1406 00b4 0E       		.uleb128 0xe
 1407 00b5 3A       		.uleb128 0x3a
 1408 00b6 0B       		.uleb128 0xb
 1409 00b7 3B       		.uleb128 0x3b
 1410 00b8 0B       		.uleb128 0xb
 1411 00b9 49       		.uleb128 0x49
 1412 00ba 13       		.uleb128 0x13
 1413 00bb 3F       		.uleb128 0x3f
 1414 00bc 19       		.uleb128 0x19
 1415 00bd 3C       		.uleb128 0x3c
 1416 00be 19       		.uleb128 0x19
 1417 00bf 00       		.byte	0
 1418 00c0 00       		.byte	0
 1419 00c1 10       		.uleb128 0x10
 1420 00c2 0F       		.uleb128 0xf
 1421 00c3 00       		.byte	0
 1422 00c4 0B       		.uleb128 0xb
 1423 00c5 0B       		.uleb128 0xb
 1424 00c6 49       		.uleb128 0x49
 1425 00c7 13       		.uleb128 0x13
ARM GAS  C:\Users\Lauriane\AppData\Local\Temp\cctuhgJG.s 			page 26


 1426 00c8 00       		.byte	0
 1427 00c9 00       		.byte	0
 1428 00ca 11       		.uleb128 0x11
 1429 00cb 26       		.uleb128 0x26
 1430 00cc 00       		.byte	0
 1431 00cd 49       		.uleb128 0x49
 1432 00ce 13       		.uleb128 0x13
 1433 00cf 00       		.byte	0
 1434 00d0 00       		.byte	0
 1435 00d1 12       		.uleb128 0x12
 1436 00d2 34       		.uleb128 0x34
 1437 00d3 00       		.byte	0
 1438 00d4 03       		.uleb128 0x3
 1439 00d5 0E       		.uleb128 0xe
 1440 00d6 3A       		.uleb128 0x3a
 1441 00d7 0B       		.uleb128 0xb
 1442 00d8 3B       		.uleb128 0x3b
 1443 00d9 0B       		.uleb128 0xb
 1444 00da 49       		.uleb128 0x49
 1445 00db 13       		.uleb128 0x13
 1446 00dc 3F       		.uleb128 0x3f
 1447 00dd 19       		.uleb128 0x19
 1448 00de 02       		.uleb128 0x2
 1449 00df 18       		.uleb128 0x18
 1450 00e0 00       		.byte	0
 1451 00e1 00       		.byte	0
 1452 00e2 00       		.byte	0
 1453              		.section	.debug_aranges,"",%progbits
 1454 0000 14000000 		.4byte	0x14
 1455 0004 0200     		.2byte	0x2
 1456 0006 00000000 		.4byte	.Ldebug_info0
 1457 000a 04       		.byte	0x4
 1458 000b 00       		.byte	0
 1459 000c 0000     		.2byte	0
 1460 000e 0000     		.2byte	0
 1461 0010 00000000 		.4byte	0
 1462 0014 00000000 		.4byte	0
 1463              		.section	.debug_line,"",%progbits
 1464              	.Ldebug_line0:
 1465 0000 4D020000 		.section	.debug_str,"MS",%progbits,1
 1465      02004702 
 1465      00000201 
 1465      FB0E0D00 
 1465      01010101 
 1466              	.LASF223:
 1467 0000 666C6173 		.ascii	"flashCtlMainWs1Freq\000"
 1467      6843746C 
 1467      4D61696E 
 1467      57733146 
 1467      72657100 
 1468              	.LASF272:
 1469 0014 63795F73 		.ascii	"cy_stc_sysint_t\000"
 1469      74635F73 
 1469      7973696E 
 1469      745F7400 
 1470              	.LASF25:
 1471 0024 696F7373 		.ascii	"ioss_interrupt_gpio_IRQn\000"
ARM GAS  C:\Users\Lauriane\AppData\Local\Temp\cctuhgJG.s 			page 27


 1471      5F696E74 
 1471      65727275 
 1471      70745F67 
 1471      70696F5F 
 1472              	.LASF123:
 1473 003d 74637077 		.ascii	"tcpwm_1_interrupts_15_IRQn\000"
 1473      6D5F315F 
 1473      696E7465 
 1473      72727570 
 1473      74735F31 
 1474              	.LASF274:
 1475 0058 63795F64 		.ascii	"cy_device\000"
 1475      65766963 
 1475      6500
 1476              	.LASF142:
 1477 0062 7564625F 		.ascii	"udb_interrupts_10_IRQn\000"
 1477      696E7465 
 1477      72727570 
 1477      74735F31 
 1477      305F4952 
 1478              	.LASF250:
 1479 0079 63707573 		.ascii	"cpussCm0ClockCtlOffset\000"
 1479      73436D30 
 1479      436C6F63 
 1479      6B43746C 
 1479      4F666673 
 1480              	.LASF67:
 1481 0090 63707573 		.ascii	"cpuss_interrupts_dw0_7_IRQn\000"
 1481      735F696E 
 1481      74657272 
 1481      75707473 
 1481      5F647730 
 1482              	.LASF267:
 1483 00ac 63686172 		.ascii	"char\000"
 1483      00
 1484              	.LASF36:
 1485 00b1 63707573 		.ascii	"cpuss_interrupts_ipc_1_IRQn\000"
 1485      735F696E 
 1485      74657272 
 1485      75707473 
 1485      5F697063 
 1486              	.LASF54:
 1487 00cd 7363625F 		.ascii	"scb_3_interrupt_IRQn\000"
 1487      335F696E 
 1487      74657272 
 1487      7570745F 
 1487      4952516E 
 1488              	.LASF84:
 1489 00e2 63707573 		.ascii	"cpuss_interrupts_dw1_8_IRQn\000"
 1489      735F696E 
 1489      74657272 
 1489      75707473 
 1489      5F647731 
 1490              	.LASF90:
 1491 00fe 63707573 		.ascii	"cpuss_interrupts_dw1_14_IRQn\000"
 1491      735F696E 
 1491      74657272 
ARM GAS  C:\Users\Lauriane\AppData\Local\Temp\cctuhgJG.s 			page 28


 1491      75707473 
 1491      5F647731 
 1492              	.LASF182:
 1493 011b 70657269 		.ascii	"periBase\000"
 1493      42617365 
 1493      00
 1494              	.LASF62:
 1495 0124 63707573 		.ascii	"cpuss_interrupts_dw0_2_IRQn\000"
 1495      735F696E 
 1495      74657272 
 1495      75707473 
 1495      5F647730 
 1496              	.LASF258:
 1497 0140 63707573 		.ascii	"cpussCm0NmiCtlOffset\000"
 1497      73436D30 
 1497      4E6D6943 
 1497      746C4F66 
 1497      66736574 
 1498              	.LASF228:
 1499 0155 64774368 		.ascii	"dwChSize\000"
 1499      53697A65 
 1499      00
 1500              	.LASF172:
 1501 015e 756E7369 		.ascii	"unsigned int\000"
 1501      676E6564 
 1501      20696E74 
 1501      00
 1502              	.LASF46:
 1503 016b 63707573 		.ascii	"cpuss_interrupts_ipc_11_IRQn\000"
 1503      735F696E 
 1503      74657272 
 1503      75707473 
 1503      5F697063 
 1504              	.LASF210:
 1505 0188 736D6966 		.ascii	"smifDeviceNr\000"
 1505      44657669 
 1505      63654E72 
 1505      00
 1506              	.LASF240:
 1507 0195 70657269 		.ascii	"periDivCmdPaTypeSelPos\000"
 1507      44697643 
 1507      6D645061 
 1507      54797065 
 1507      53656C50 
 1508              	.LASF115:
 1509 01ac 74637077 		.ascii	"tcpwm_1_interrupts_7_IRQn\000"
 1509      6D5F315F 
 1509      696E7465 
 1509      72727570 
 1509      74735F37 
 1510              	.LASF166:
 1511 01c6 5F5F696E 		.ascii	"__int32_t\000"
 1511      7433325F 
 1511      7400
 1512              	.LASF33:
 1513 01d0 70617373 		.ascii	"pass_interrupt_ctbs_IRQn\000"
 1513      5F696E74 
ARM GAS  C:\Users\Lauriane\AppData\Local\Temp\cctuhgJG.s 			page 29


 1513      65727275 
 1513      70745F63 
 1513      7462735F 
 1514              	.LASF206:
 1515 01e9 73727373 		.ascii	"srssNumClkpath\000"
 1515      4E756D43 
 1515      6C6B7061 
 1515      746800
 1516              	.LASF180:
 1517 01f8 63707573 		.ascii	"cpussBase\000"
 1517      73426173 
 1517      6500
 1518              	.LASF204:
 1519 0202 63707573 		.ascii	"cpussFmIrq\000"
 1519      73466D49 
 1519      727100
 1520              	.LASF30:
 1521 020d 73727373 		.ascii	"srss_interrupt_mcwdt_1_IRQn\000"
 1521      5F696E74 
 1521      65727275 
 1521      70745F6D 
 1521      63776474 
 1522              	.LASF12:
 1523 0229 696F7373 		.ascii	"ioss_interrupts_gpio_2_IRQn\000"
 1523      5F696E74 
 1523      65727275 
 1523      7074735F 
 1523      6770696F 
 1524              	.LASF205:
 1525 0245 63707573 		.ascii	"cpussNotConnectedIrq\000"
 1525      734E6F74 
 1525      436F6E6E 
 1525      65637465 
 1525      64497271 
 1526              	.LASF73:
 1527 025a 63707573 		.ascii	"cpuss_interrupts_dw0_13_IRQn\000"
 1527      735F696E 
 1527      74657272 
 1527      75707473 
 1527      5F647730 
 1528              	.LASF158:
 1529 0277 73686F72 		.ascii	"short int\000"
 1529      7420696E 
 1529      7400
 1530              	.LASF131:
 1531 0281 74637077 		.ascii	"tcpwm_1_interrupts_23_IRQn\000"
 1531      6D5F315F 
 1531      696E7465 
 1531      72727570 
 1531      74735F32 
 1532              	.LASF129:
 1533 029c 74637077 		.ascii	"tcpwm_1_interrupts_21_IRQn\000"
 1533      6D5F315F 
 1533      696E7465 
 1533      72727570 
 1533      74735F32 
 1534              	.LASF146:
ARM GAS  C:\Users\Lauriane\AppData\Local\Temp\cctuhgJG.s 			page 30


 1535 02b7 7564625F 		.ascii	"udb_interrupts_14_IRQn\000"
 1535      696E7465 
 1535      72727570 
 1535      74735F31 
 1535      345F4952 
 1536              	.LASF236:
 1537 02ce 70657269 		.ascii	"periTrGrSize\000"
 1537      54724772 
 1537      53697A65 
 1537      00
 1538              	.LASF107:
 1539 02db 74637077 		.ascii	"tcpwm_0_interrupts_7_IRQn\000"
 1539      6D5F305F 
 1539      696E7465 
 1539      72727570 
 1539      74735F37 
 1540              	.LASF239:
 1541 02f5 70657269 		.ascii	"periDivCmdPaDivSelPos\000"
 1541      44697643 
 1541      6D645061 
 1541      44697653 
 1541      656C506F 
 1542              	.LASF216:
 1543 030b 63727970 		.ascii	"cryptoMemSize\000"
 1543      746F4D65 
 1543      6D53697A 
 1543      6500
 1544              	.LASF262:
 1545 0319 63707573 		.ascii	"cpussRam1Ctl0\000"
 1545      7352616D 
 1545      3143746C 
 1545      3000
 1546              	.LASF76:
 1547 0327 63707573 		.ascii	"cpuss_interrupts_dw1_0_IRQn\000"
 1547      735F696E 
 1547      74657272 
 1547      75707473 
 1547      5F647731 
 1548              	.LASF102:
 1549 0343 74637077 		.ascii	"tcpwm_0_interrupts_2_IRQn\000"
 1549      6D5F305F 
 1549      696E7465 
 1549      72727570 
 1549      74735F32 
 1550              	.LASF8:
 1551 035d 50656E64 		.ascii	"PendSV_IRQn\000"
 1551      53565F49 
 1551      52516E00 
 1552              	.LASF276:
 1553 0369 474E5520 		.ascii	"GNU C11 5.4.1 20160609 (release) [ARM/embedded-5-br"
 1553      43313120 
 1553      352E342E 
 1553      31203230 
 1553      31363036 
 1554 039c 616E6368 		.ascii	"anch revision 237715] -mcpu=cortex-m4 -mfloat-abi=s"
 1554      20726576 
 1554      6973696F 
ARM GAS  C:\Users\Lauriane\AppData\Local\Temp\cctuhgJG.s 			page 31


 1554      6E203233 
 1554      37373135 
 1555 03cf 6F667466 		.ascii	"oftfp -mfpu=fpv4-sp-d16 -mthumb -g -Og -ffunction-s"
 1555      70202D6D 
 1555      6670753D 
 1555      66707634 
 1555      2D73702D 
 1556 0402 65637469 		.ascii	"ections -ffat-lto-objects\000"
 1556      6F6E7320 
 1556      2D666661 
 1556      742D6C74 
 1556      6F2D6F62 
 1557              	.LASF198:
 1558 041c 70726F74 		.ascii	"protVersion\000"
 1558      56657273 
 1558      696F6E00 
 1559              	.LASF108:
 1560 0428 74637077 		.ascii	"tcpwm_1_interrupts_0_IRQn\000"
 1560      6D5F315F 
 1560      696E7465 
 1560      72727570 
 1560      74735F30 
 1561              	.LASF174:
 1562 0442 696E7431 		.ascii	"int16_t\000"
 1562      365F7400 
 1563              	.LASF238:
 1564 044a 70657269 		.ascii	"periDivCmdTypeSelPos\000"
 1564      44697643 
 1564      6D645479 
 1564      70655365 
 1564      6C506F73 
 1565              	.LASF255:
 1566 045f 63707573 		.ascii	"cpussTrimRamCtlOffset\000"
 1566      73547269 
 1566      6D52616D 
 1566      43746C4F 
 1566      66667365 
 1567              	.LASF139:
 1568 0475 7564625F 		.ascii	"udb_interrupts_7_IRQn\000"
 1568      696E7465 
 1568      72727570 
 1568      74735F37 
 1568      5F495251 
 1569              	.LASF28:
 1570 048b 7363625F 		.ascii	"scb_8_interrupt_IRQn\000"
 1570      385F696E 
 1570      74657272 
 1570      7570745F 
 1570      4952516E 
 1571              	.LASF3:
 1572 04a0 4D656D6F 		.ascii	"MemoryManagement_IRQn\000"
 1572      72794D61 
 1572      6E616765 
 1572      6D656E74 
 1572      5F495251 
 1573              	.LASF125:
 1574 04b6 74637077 		.ascii	"tcpwm_1_interrupts_17_IRQn\000"
ARM GAS  C:\Users\Lauriane\AppData\Local\Temp\cctuhgJG.s 			page 32


 1574      6D5F315F 
 1574      696E7465 
 1574      72727570 
 1574      74735F31 
 1575              	.LASF134:
 1576 04d1 7564625F 		.ascii	"udb_interrupts_2_IRQn\000"
 1576      696E7465 
 1576      72727570 
 1576      74735F32 
 1576      5F495251 
 1577              	.LASF177:
 1578 04e7 75696E74 		.ascii	"uint32_t\000"
 1578      33325F74 
 1578      00
 1579              	.LASF120:
 1580 04f0 74637077 		.ascii	"tcpwm_1_interrupts_12_IRQn\000"
 1580      6D5F315F 
 1580      696E7465 
 1580      72727570 
 1580      74735F31 
 1581              	.LASF17:
 1582 050b 696F7373 		.ascii	"ioss_interrupts_gpio_7_IRQn\000"
 1582      5F696E74 
 1582      65727275 
 1582      7074735F 
 1582      6770696F 
 1583              	.LASF23:
 1584 0527 696F7373 		.ascii	"ioss_interrupts_gpio_13_IRQn\000"
 1584      5F696E74 
 1584      65727275 
 1584      7074735F 
 1584      6770696F 
 1585              	.LASF147:
 1586 0544 7564625F 		.ascii	"udb_interrupts_15_IRQn\000"
 1586      696E7465 
 1586      72727570 
 1586      74735F31 
 1586      355F4952 
 1587              	.LASF248:
 1588 055b 6770696F 		.ascii	"gpioPrtCfgOutOffset\000"
 1588      50727443 
 1588      66674F75 
 1588      744F6666 
 1588      73657400 
 1589              	.LASF97:
 1590 056f 63707573 		.ascii	"cpuss_interrupts_cm0_cti_1_IRQn\000"
 1590      735F696E 
 1590      74657272 
 1590      75707473 
 1590      5F636D30 
 1591              	.LASF268:
 1592 058f 666C6F61 		.ascii	"float\000"
 1592      7400
 1593              	.LASF191:
 1594 0595 63727970 		.ascii	"cryptoVersion\000"
 1594      746F5665 
 1594      7273696F 
ARM GAS  C:\Users\Lauriane\AppData\Local\Temp\cctuhgJG.s 			page 33


 1594      6E00
 1595              	.LASF220:
 1596 05a3 666C6173 		.ascii	"flashProgramDelay\000"
 1596      6850726F 
 1596      6772616D 
 1596      44656C61 
 1596      7900
 1597              	.LASF55:
 1598 05b5 7363625F 		.ascii	"scb_4_interrupt_IRQn\000"
 1598      345F696E 
 1598      74657272 
 1598      7570745F 
 1598      4952516E 
 1599              	.LASF181:
 1600 05ca 666C6173 		.ascii	"flashcBase\000"
 1600      68634261 
 1600      736500
 1601              	.LASF81:
 1602 05d5 63707573 		.ascii	"cpuss_interrupts_dw1_5_IRQn\000"
 1602      735F696E 
 1602      74657272 
 1602      75707473 
 1602      5F647731 
 1603              	.LASF247:
 1604 05f1 6770696F 		.ascii	"gpioPrtCfgInOffset\000"
 1604      50727443 
 1604      6667496E 
 1604      4F666673 
 1604      657400
 1605              	.LASF87:
 1606 0604 63707573 		.ascii	"cpuss_interrupts_dw1_11_IRQn\000"
 1606      735F696E 
 1606      74657272 
 1606      75707473 
 1606      5F647731 
 1607              	.LASF154:
 1608 0621 7573625F 		.ascii	"usb_interrupt_med_IRQn\000"
 1608      696E7465 
 1608      72727570 
 1608      745F6D65 
 1608      645F4952 
 1609              	.LASF219:
 1610 0638 666C6173 		.ascii	"flashWriteDelay\000"
 1610      68577269 
 1610      74654465 
 1610      6C617900 
 1611              	.LASF171:
 1612 0648 6C6F6E67 		.ascii	"long long unsigned int\000"
 1612      206C6F6E 
 1612      6720756E 
 1612      7369676E 
 1612      65642069 
 1613              	.LASF244:
 1614 065f 70657269 		.ascii	"periDiv24_5CtlOffset\000"
 1614      44697632 
 1614      345F3543 
 1614      746C4F66 
ARM GAS  C:\Users\Lauriane\AppData\Local\Temp\cctuhgJG.s 			page 34


 1614      66736574 
 1615              	.LASF249:
 1616 0674 6770696F 		.ascii	"gpioPrtCfgSioOffset\000"
 1616      50727443 
 1616      66675369 
 1616      6F4F6666 
 1616      73657400 
 1617              	.LASF48:
 1618 0688 63707573 		.ascii	"cpuss_interrupts_ipc_13_IRQn\000"
 1618      735F696E 
 1618      74657272 
 1618      75707473 
 1618      5F697063 
 1619              	.LASF203:
 1620 06a5 63707573 		.ascii	"cpussIpc0Irq\000"
 1620      73497063 
 1620      30497271 
 1620      00
 1621              	.LASF31:
 1622 06b2 73727373 		.ascii	"srss_interrupt_backup_IRQn\000"
 1622      5F696E74 
 1622      65727275 
 1622      70745F62 
 1622      61636B75 
 1623              	.LASF117:
 1624 06cd 74637077 		.ascii	"tcpwm_1_interrupts_9_IRQn\000"
 1624      6D5F315F 
 1624      696E7465 
 1624      72727570 
 1624      74735F39 
 1625              	.LASF164:
 1626 06e7 5F5F7569 		.ascii	"__uint16_t\000"
 1626      6E743136 
 1626      5F7400
 1627              	.LASF6:
 1628 06f2 53564361 		.ascii	"SVCall_IRQn\000"
 1628      6C6C5F49 
 1628      52516E00 
 1629              	.LASF51:
 1630 06fe 7363625F 		.ascii	"scb_0_interrupt_IRQn\000"
 1630      305F696E 
 1630      74657272 
 1630      7570745F 
 1630      4952516E 
 1631              	.LASF112:
 1632 0713 74637077 		.ascii	"tcpwm_1_interrupts_4_IRQn\000"
 1632      6D5F315F 
 1632      696E7465 
 1632      72727570 
 1632      74735F34 
 1633              	.LASF59:
 1634 072d 6373645F 		.ascii	"csd_interrupt_IRQn\000"
 1634      696E7465 
 1634      72727570 
 1634      745F4952 
 1634      516E00
 1635              	.LASF151:
ARM GAS  C:\Users\Lauriane\AppData\Local\Temp\cctuhgJG.s 			page 35


 1636 0740 70726F66 		.ascii	"profile_interrupt_IRQn\000"
 1636      696C655F 
 1636      696E7465 
 1636      72727570 
 1636      745F4952 
 1637              	.LASF21:
 1638 0757 696F7373 		.ascii	"ioss_interrupts_gpio_11_IRQn\000"
 1638      5F696E74 
 1638      65727275 
 1638      7074735F 
 1638      6770696F 
 1639              	.LASF43:
 1640 0774 63707573 		.ascii	"cpuss_interrupts_ipc_8_IRQn\000"
 1640      735F696E 
 1640      74657272 
 1640      75707473 
 1640      5F697063 
 1641              	.LASF92:
 1642 0790 63707573 		.ascii	"cpuss_interrupts_fault_0_IRQn\000"
 1642      735F696E 
 1642      74657272 
 1642      75707473 
 1642      5F666175 
 1643              	.LASF225:
 1644 07ae 666C6173 		.ascii	"flashCtlMainWs3Freq\000"
 1644      6843746C 
 1644      4D61696E 
 1644      57733346 
 1644      72657100 
 1645              	.LASF160:
 1646 07c2 4952516E 		.ascii	"IRQn_Type\000"
 1646      5F547970 
 1646      6500
 1647              	.LASF207:
 1648 07cc 73727373 		.ascii	"srssNumPll\000"
 1648      4E756D50 
 1648      6C6C00
 1649              	.LASF143:
 1650 07d7 7564625F 		.ascii	"udb_interrupts_11_IRQn\000"
 1650      696E7465 
 1650      72727570 
 1650      74735F31 
 1650      315F4952 
 1651              	.LASF37:
 1652 07ee 63707573 		.ascii	"cpuss_interrupts_ipc_2_IRQn\000"
 1652      735F696E 
 1652      74657272 
 1652      75707473 
 1652      5F697063 
 1653              	.LASF104:
 1654 080a 74637077 		.ascii	"tcpwm_0_interrupts_4_IRQn\000"
 1654      6D5F305F 
 1654      696E7465 
 1654      72727570 
 1654      74735F34 
 1655              	.LASF218:
 1656 0824 666C6173 		.ascii	"flashPipeRequired\000"
ARM GAS  C:\Users\Lauriane\AppData\Local\Temp\cctuhgJG.s 			page 36


 1656      68506970 
 1656      65526571 
 1656      75697265 
 1656      6400
 1657              	.LASF278:
 1658 0836 433A5C55 		.ascii	"C:\\Users\\Lauriane\\Documents\\PSoC Creator\\Labor"
 1658      73657273 
 1658      5C4C6175 
 1658      7269616E 
 1658      655C446F 
 1659 0864 61746F69 		.ascii	"atoire4\\Labo4.cydsn\000"
 1659      7265345C 
 1659      4C61626F 
 1659      342E6379 
 1659      64736E00 
 1660              	.LASF208:
 1661 0878 73727373 		.ascii	"srssNumHfroot\000"
 1661      4E756D48 
 1661      66726F6F 
 1661      7400
 1662              	.LASF222:
 1663 0886 666C6173 		.ascii	"flashCtlMainWs0Freq\000"
 1663      6843746C 
 1663      4D61696E 
 1663      57733046 
 1663      72657100 
 1664              	.LASF149:
 1665 089a 61756469 		.ascii	"audioss_interrupt_i2s_IRQn\000"
 1665      6F73735F 
 1665      696E7465 
 1665      72727570 
 1665      745F6932 
 1666              	.LASF186:
 1667 08b5 6770696F 		.ascii	"gpioBase\000"
 1667      42617365 
 1667      00
 1668              	.LASF156:
 1669 08be 70617373 		.ascii	"pass_interrupt_dacs_IRQn\000"
 1669      5F696E74 
 1669      65727275 
 1669      70745F64 
 1669      6163735F 
 1670              	.LASF109:
 1671 08d7 74637077 		.ascii	"tcpwm_1_interrupts_1_IRQn\000"
 1671      6D5F315F 
 1671      696E7465 
 1671      72727570 
 1671      74735F31 
 1672              	.LASF136:
 1673 08f1 7564625F 		.ascii	"udb_interrupts_4_IRQn\000"
 1673      696E7465 
 1673      72727570 
 1673      74735F34 
 1673      5F495251 
 1674              	.LASF150:
 1675 0907 61756469 		.ascii	"audioss_interrupt_pdm_IRQn\000"
 1675      6F73735F 
ARM GAS  C:\Users\Lauriane\AppData\Local\Temp\cctuhgJG.s 			page 37


 1675      696E7465 
 1675      72727570 
 1675      745F7064 
 1676              	.LASF70:
 1677 0922 63707573 		.ascii	"cpuss_interrupts_dw0_10_IRQn\000"
 1677      735F696E 
 1677      74657272 
 1677      75707473 
 1677      5F647730 
 1678              	.LASF122:
 1679 093f 74637077 		.ascii	"tcpwm_1_interrupts_14_IRQn\000"
 1679      6D5F315F 
 1679      696E7465 
 1679      72727570 
 1679      74735F31 
 1680              	.LASF19:
 1681 095a 696F7373 		.ascii	"ioss_interrupts_gpio_9_IRQn\000"
 1681      5F696E74 
 1681      65727275 
 1681      7074735F 
 1681      6770696F 
 1682              	.LASF257:
 1683 0976 63707573 		.ascii	"cpussSysTickCtlOffset\000"
 1683      73537973 
 1683      5469636B 
 1683      43746C4F 
 1683      66667365 
 1684              	.LASF213:
 1685 098c 75646250 		.ascii	"udbPresent\000"
 1685      72657365 
 1685      6E7400
 1686              	.LASF231:
 1687 0997 64775374 		.ascii	"dwStatusChIdxPos\000"
 1687      61747573 
 1687      43684964 
 1687      78506F73 
 1687      00
 1688              	.LASF66:
 1689 09a8 63707573 		.ascii	"cpuss_interrupts_dw0_6_IRQn\000"
 1689      735F696E 
 1689      74657272 
 1689      75707473 
 1689      5F647730 
 1690              	.LASF14:
 1691 09c4 696F7373 		.ascii	"ioss_interrupts_gpio_4_IRQn\000"
 1691      5F696E74 
 1691      65727275 
 1691      7074735F 
 1691      6770696F 
 1692              	.LASF20:
 1693 09e0 696F7373 		.ascii	"ioss_interrupts_gpio_10_IRQn\000"
 1693      5F696E74 
 1693      65727275 
 1693      7074735F 
 1693      6770696F 
 1694              	.LASF75:
 1695 09fd 63707573 		.ascii	"cpuss_interrupts_dw0_15_IRQn\000"
ARM GAS  C:\Users\Lauriane\AppData\Local\Temp\cctuhgJG.s 			page 38


 1695      735F696E 
 1695      74657272 
 1695      75707473 
 1695      5F647730 
 1696              	.LASF32:
 1697 0a1a 73727373 		.ascii	"srss_interrupt_IRQn\000"
 1697      5F696E74 
 1697      65727275 
 1697      70745F49 
 1697      52516E00 
 1698              	.LASF202:
 1699 0a2e 63707573 		.ascii	"cpussFlashPaSize\000"
 1699      73466C61 
 1699      73685061 
 1699      53697A65 
 1699      00
 1700              	.LASF83:
 1701 0a3f 63707573 		.ascii	"cpuss_interrupts_dw1_7_IRQn\000"
 1701      735F696E 
 1701      74657272 
 1701      75707473 
 1701      5F647731 
 1702              	.LASF89:
 1703 0a5b 63707573 		.ascii	"cpuss_interrupts_dw1_13_IRQn\000"
 1703      735F696E 
 1703      74657272 
 1703      75707473 
 1703      5F647731 
 1704              	.LASF61:
 1705 0a78 63707573 		.ascii	"cpuss_interrupts_dw0_1_IRQn\000"
 1705      735F696E 
 1705      74657272 
 1705      75707473 
 1705      5F647730 
 1706              	.LASF243:
 1707 0a94 70657269 		.ascii	"periDiv16_5CtlOffset\000"
 1707      44697631 
 1707      365F3543 
 1707      746C4F66 
 1707      66736574 
 1708              	.LASF157:
 1709 0aa9 756E636F 		.ascii	"unconnected_IRQn\000"
 1709      6E6E6563 
 1709      7465645F 
 1709      4952516E 
 1709      00
 1710              	.LASF78:
 1711 0aba 63707573 		.ascii	"cpuss_interrupts_dw1_2_IRQn\000"
 1711      735F696E 
 1711      74657272 
 1711      75707473 
 1711      5F647731 
 1712              	.LASF214:
 1713 0ad6 73797350 		.ascii	"sysPmSimoPresent\000"
 1713      6D53696D 
 1713      6F507265 
 1713      73656E74 
ARM GAS  C:\Users\Lauriane\AppData\Local\Temp\cctuhgJG.s 			page 39


 1713      00
 1714              	.LASF155:
 1715 0ae7 7573625F 		.ascii	"usb_interrupt_lo_IRQn\000"
 1715      696E7465 
 1715      72727570 
 1715      745F6C6F 
 1715      5F495251 
 1716              	.LASF45:
 1717 0afd 63707573 		.ascii	"cpuss_interrupts_ipc_10_IRQn\000"
 1717      735F696E 
 1717      74657272 
 1717      75707473 
 1717      5F697063 
 1718              	.LASF95:
 1719 0b1a 63707573 		.ascii	"cpuss_interrupt_fm_IRQn\000"
 1719      735F696E 
 1719      74657272 
 1719      7570745F 
 1719      666D5F49 
 1720              	.LASF114:
 1721 0b32 74637077 		.ascii	"tcpwm_1_interrupts_6_IRQn\000"
 1721      6D5F315F 
 1721      696E7465 
 1721      72727570 
 1721      74735F36 
 1722              	.LASF141:
 1723 0b4c 7564625F 		.ascii	"udb_interrupts_9_IRQn\000"
 1723      696E7465 
 1723      72727570 
 1723      74735F39 
 1723      5F495251 
 1724              	.LASF232:
 1725 0b62 64775374 		.ascii	"dwStatusChIdxMsk\000"
 1725      61747573 
 1725      43684964 
 1725      784D736B 
 1725      00
 1726              	.LASF145:
 1727 0b73 7564625F 		.ascii	"udb_interrupts_13_IRQn\000"
 1727      696E7465 
 1727      72727570 
 1727      74735F31 
 1727      335F4952 
 1728              	.LASF173:
 1729 0b8a 75696E74 		.ascii	"uint8_t\000"
 1729      385F7400 
 1730              	.LASF127:
 1731 0b92 74637077 		.ascii	"tcpwm_1_interrupts_19_IRQn\000"
 1731      6D5F315F 
 1731      696E7465 
 1731      72727570 
 1731      74735F31 
 1732              	.LASF270:
 1733 0bad 696E7472 		.ascii	"intrSrc\000"
 1733      53726300 
 1734              	.LASF237:
 1735 0bb5 70657269 		.ascii	"periDivCmdDivSelMsk\000"
ARM GAS  C:\Users\Lauriane\AppData\Local\Temp\cctuhgJG.s 			page 40


 1735      44697643 
 1735      6D644469 
 1735      7653656C 
 1735      4D736B00 
 1736              	.LASF29:
 1737 0bc9 73727373 		.ascii	"srss_interrupt_mcwdt_0_IRQn\000"
 1737      5F696E74 
 1737      65727275 
 1737      70745F6D 
 1737      63776474 
 1738              	.LASF245:
 1739 0be5 6770696F 		.ascii	"gpioPrtIntrCfgOffset\000"
 1739      50727449 
 1739      6E747243 
 1739      66674F66 
 1739      66736574 
 1740              	.LASF27:
 1741 0bfa 6C70636F 		.ascii	"lpcomp_interrupt_IRQn\000"
 1741      6D705F69 
 1741      6E746572 
 1741      72757074 
 1741      5F495251 
 1742              	.LASF40:
 1743 0c10 63707573 		.ascii	"cpuss_interrupts_ipc_5_IRQn\000"
 1743      735F696E 
 1743      74657272 
 1743      75707473 
 1743      5F697063 
 1744              	.LASF261:
 1745 0c2c 63707573 		.ascii	"cpussRam0Ctl0\000"
 1745      7352616D 
 1745      3043746C 
 1745      3000
 1746              	.LASF170:
 1747 0c3a 6C6F6E67 		.ascii	"long long int\000"
 1747      206C6F6E 
 1747      6720696E 
 1747      7400
 1748              	.LASF188:
 1749 0c48 69706342 		.ascii	"ipcBase\000"
 1749      61736500 
 1750              	.LASF229:
 1751 0c50 64774368 		.ascii	"dwChCtlPrioPos\000"
 1751      43746C50 
 1751      72696F50 
 1751      6F7300
 1752              	.LASF189:
 1753 0c5f 63727970 		.ascii	"cryptoBase\000"
 1753      746F4261 
 1753      736500
 1754              	.LASF35:
 1755 0c6a 63707573 		.ascii	"cpuss_interrupts_ipc_0_IRQn\000"
 1755      735F696E 
 1755      74657272 
 1755      75707473 
 1755      5F697063 
 1756              	.LASF101:
ARM GAS  C:\Users\Lauriane\AppData\Local\Temp\cctuhgJG.s 			page 41


 1757 0c86 74637077 		.ascii	"tcpwm_0_interrupts_1_IRQn\000"
 1757      6D5F305F 
 1757      696E7465 
 1757      72727570 
 1757      74735F31 
 1758              	.LASF56:
 1759 0ca0 7363625F 		.ascii	"scb_5_interrupt_IRQn\000"
 1759      355F696E 
 1759      74657272 
 1759      7570745F 
 1759      4952516E 
 1760              	.LASF50:
 1761 0cb5 63707573 		.ascii	"cpuss_interrupts_ipc_15_IRQn\000"
 1761      735F696E 
 1761      74657272 
 1761      75707473 
 1761      5F697063 
 1762              	.LASF163:
 1763 0cd2 5F5F696E 		.ascii	"__int16_t\000"
 1763      7431365F 
 1763      7400
 1764              	.LASF209:
 1765 0cdc 70657269 		.ascii	"periClockNr\000"
 1765      436C6F63 
 1765      6B4E7200 
 1766              	.LASF185:
 1767 0ce8 6873696F 		.ascii	"hsiomBase\000"
 1767      6D426173 
 1767      6500
 1768              	.LASF4:
 1769 0cf2 42757346 		.ascii	"BusFault_IRQn\000"
 1769      61756C74 
 1769      5F495251 
 1769      6E00
 1770              	.LASF251:
 1771 0d00 63707573 		.ascii	"cpussCm4ClockCtlOffset\000"
 1771      73436D34 
 1771      436C6F63 
 1771      6B43746C 
 1771      4F666673 
 1772              	.LASF235:
 1773 0d17 70657269 		.ascii	"periTrGrOffset\000"
 1773      54724772 
 1773      4F666673 
 1773      657400
 1774              	.LASF133:
 1775 0d26 7564625F 		.ascii	"udb_interrupts_1_IRQn\000"
 1775      696E7465 
 1775      72727570 
 1775      74735F31 
 1775      5F495251 
 1776              	.LASF201:
 1777 0d3c 63707573 		.ascii	"cpussDwChNr\000"
 1777      73447743 
 1777      684E7200 
 1778              	.LASF153:
 1779 0d48 7573625F 		.ascii	"usb_interrupt_hi_IRQn\000"
ARM GAS  C:\Users\Lauriane\AppData\Local\Temp\cctuhgJG.s 			page 42


 1779      696E7465 
 1779      72727570 
 1779      745F6869 
 1779      5F495251 
 1780              	.LASF52:
 1781 0d5e 7363625F 		.ascii	"scb_1_interrupt_IRQn\000"
 1781      315F696E 
 1781      74657272 
 1781      7570745F 
 1781      4952516E 
 1782              	.LASF119:
 1783 0d73 74637077 		.ascii	"tcpwm_1_interrupts_11_IRQn\000"
 1783      6D5F315F 
 1783      696E7465 
 1783      72727570 
 1783      74735F31 
 1784              	.LASF16:
 1785 0d8e 696F7373 		.ascii	"ioss_interrupts_gpio_6_IRQn\000"
 1785      5F696E74 
 1785      65727275 
 1785      7074735F 
 1785      6770696F 
 1786              	.LASF199:
 1787 0daa 63707573 		.ascii	"cpussIpcNr\000"
 1787      73497063 
 1787      4E7200
 1788              	.LASF252:
 1789 0db5 63707573 		.ascii	"cpussCm4StatusOffset\000"
 1789      73436D34 
 1789      53746174 
 1789      75734F66 
 1789      66736574 
 1790              	.LASF96:
 1791 0dca 63707573 		.ascii	"cpuss_interrupts_cm0_cti_0_IRQn\000"
 1791      735F696E 
 1791      74657272 
 1791      75707473 
 1791      5F636D30 
 1792              	.LASF85:
 1793 0dea 63707573 		.ascii	"cpuss_interrupts_dw1_9_IRQn\000"
 1793      735F696E 
 1793      74657272 
 1793      75707473 
 1793      5F647731 
 1794              	.LASF69:
 1795 0e06 63707573 		.ascii	"cpuss_interrupts_dw0_9_IRQn\000"
 1795      735F696E 
 1795      74657272 
 1795      75707473 
 1795      5F647730 
 1796              	.LASF63:
 1797 0e22 63707573 		.ascii	"cpuss_interrupts_dw0_3_IRQn\000"
 1797      735F696E 
 1797      74657272 
 1797      75707473 
 1797      5F647730 
 1798              	.LASF263:
ARM GAS  C:\Users\Lauriane\AppData\Local\Temp\cctuhgJG.s 			page 43


 1799 0e3e 63707573 		.ascii	"cpussRam2Ctl0\000"
 1799      7352616D 
 1799      3243746C 
 1799      3000
 1800              	.LASF11:
 1801 0e4c 696F7373 		.ascii	"ioss_interrupts_gpio_1_IRQn\000"
 1801      5F696E74 
 1801      65727275 
 1801      7074735F 
 1801      6770696F 
 1802              	.LASF72:
 1803 0e68 63707573 		.ascii	"cpuss_interrupts_dw0_12_IRQn\000"
 1803      735F696E 
 1803      74657272 
 1803      75707473 
 1803      5F647730 
 1804              	.LASF80:
 1805 0e85 63707573 		.ascii	"cpuss_interrupts_dw1_4_IRQn\000"
 1805      735F696E 
 1805      74657272 
 1805      75707473 
 1805      5F647731 
 1806              	.LASF86:
 1807 0ea1 63707573 		.ascii	"cpuss_interrupts_dw1_10_IRQn\000"
 1807      735F696E 
 1807      74657272 
 1807      75707473 
 1807      5F647731 
 1808              	.LASF106:
 1809 0ebe 74637077 		.ascii	"tcpwm_0_interrupts_6_IRQn\000"
 1809      6D5F305F 
 1809      696E7465 
 1809      72727570 
 1809      74735F36 
 1810              	.LASF242:
 1811 0ed8 70657269 		.ascii	"periDiv16CtlOffset\000"
 1811      44697631 
 1811      3643746C 
 1811      4F666673 
 1811      657400
 1812              	.LASF116:
 1813 0eeb 74637077 		.ascii	"tcpwm_1_interrupts_8_IRQn\000"
 1813      6D5F315F 
 1813      696E7465 
 1813      72727570 
 1813      74735F38 
 1814              	.LASF165:
 1815 0f05 73686F72 		.ascii	"short unsigned int\000"
 1815      7420756E 
 1815      7369676E 
 1815      65642069 
 1815      6E7400
 1816              	.LASF179:
 1817 0f18 6C6F6E67 		.ascii	"long double\000"
 1817      20646F75 
 1817      626C6500 
 1818              	.LASF175:
ARM GAS  C:\Users\Lauriane\AppData\Local\Temp\cctuhgJG.s 			page 44


 1819 0f24 75696E74 		.ascii	"uint16_t\000"
 1819      31365F74 
 1819      00
 1820              	.LASF184:
 1821 0f2d 70726F74 		.ascii	"protBase\000"
 1821      42617365 
 1821      00
 1822              	.LASF234:
 1823 0f36 70657269 		.ascii	"periTrCmdGrSelMsk\000"
 1823      5472436D 
 1823      64477253 
 1823      656C4D73 
 1823      6B00
 1824              	.LASF99:
 1825 0f48 63707573 		.ascii	"cpuss_interrupts_cm4_cti_1_IRQn\000"
 1825      735F696E 
 1825      74657272 
 1825      75707473 
 1825      5F636D34 
 1826              	.LASF111:
 1827 0f68 74637077 		.ascii	"tcpwm_1_interrupts_3_IRQn\000"
 1827      6D5F315F 
 1827      696E7465 
 1827      72727570 
 1827      74735F33 
 1828              	.LASF138:
 1829 0f82 7564625F 		.ascii	"udb_interrupts_6_IRQn\000"
 1829      696E7465 
 1829      72727570 
 1829      74735F36 
 1829      5F495251 
 1830              	.LASF192:
 1831 0f98 64775665 		.ascii	"dwVersion\000"
 1831      7273696F 
 1831      6E00
 1832              	.LASF124:
 1833 0fa2 74637077 		.ascii	"tcpwm_1_interrupts_16_IRQn\000"
 1833      6D5F315F 
 1833      696E7465 
 1833      72727570 
 1833      74735F31 
 1834              	.LASF42:
 1835 0fbd 63707573 		.ascii	"cpuss_interrupts_ipc_7_IRQn\000"
 1835      735F696E 
 1835      74657272 
 1835      75707473 
 1835      5F697063 
 1836              	.LASF137:
 1837 0fd9 7564625F 		.ascii	"udb_interrupts_5_IRQn\000"
 1837      696E7465 
 1837      72727570 
 1837      74735F35 
 1837      5F495251 
 1838              	.LASF178:
 1839 0fef 73697A65 		.ascii	"sizetype\000"
 1839      74797065 
 1839      00
ARM GAS  C:\Users\Lauriane\AppData\Local\Temp\cctuhgJG.s 			page 45


 1840              	.LASF259:
 1841 0ff8 63707573 		.ascii	"cpussCm4NmiCtlOffset\000"
 1841      73436D34 
 1841      4E6D6943 
 1841      746C4F66 
 1841      66736574 
 1842              	.LASF253:
 1843 100d 63707573 		.ascii	"cpussCm0StatusOffset\000"
 1843      73436D30 
 1843      53746174 
 1843      75734F66 
 1843      66736574 
 1844              	.LASF241:
 1845 1022 70657269 		.ascii	"periDiv8CtlOffset\000"
 1845      44697638 
 1845      43746C4F 
 1845      66667365 
 1845      7400
 1846              	.LASF68:
 1847 1034 63707573 		.ascii	"cpuss_interrupts_dw0_8_IRQn\000"
 1847      735F696E 
 1847      74657272 
 1847      75707473 
 1847      5F647730 
 1848              	.LASF22:
 1849 1050 696F7373 		.ascii	"ioss_interrupts_gpio_12_IRQn\000"
 1849      5F696E74 
 1849      65727275 
 1849      7074735F 
 1849      6770696F 
 1850              	.LASF34:
 1851 106d 626C6573 		.ascii	"bless_interrupt_IRQn\000"
 1851      735F696E 
 1851      74657272 
 1851      7570745F 
 1851      4952516E 
 1852              	.LASF167:
 1853 1082 6C6F6E67 		.ascii	"long int\000"
 1853      20696E74 
 1853      00
 1854              	.LASF91:
 1855 108b 63707573 		.ascii	"cpuss_interrupts_dw1_15_IRQn\000"
 1855      735F696E 
 1855      74657272 
 1855      75707473 
 1855      5F647731 
 1856              	.LASF190:
 1857 10a8 63707573 		.ascii	"cpussVersion\000"
 1857      73566572 
 1857      73696F6E 
 1857      00
 1858              	.LASF273:
 1859 10b5 49544D5F 		.ascii	"ITM_RxBuffer\000"
 1859      52784275 
 1859      66666572 
 1859      00
 1860              	.LASF194:
ARM GAS  C:\Users\Lauriane\AppData\Local\Temp\cctuhgJG.s 			page 46


 1861 10c2 6770696F 		.ascii	"gpioVersion\000"
 1861      56657273 
 1861      696F6E00 
 1862              	.LASF1:
 1863 10ce 4E6F6E4D 		.ascii	"NonMaskableInt_IRQn\000"
 1863      61736B61 
 1863      626C6549 
 1863      6E745F49 
 1863      52516E00 
 1864              	.LASF128:
 1865 10e2 74637077 		.ascii	"tcpwm_1_interrupts_20_IRQn\000"
 1865      6D5F315F 
 1865      696E7465 
 1865      72727570 
 1865      74735F32 
 1866              	.LASF193:
 1867 10fd 666C6173 		.ascii	"flashcVersion\000"
 1867      68635665 
 1867      7273696F 
 1867      6E00
 1868              	.LASF215:
 1869 110b 70726F74 		.ascii	"protBusMasterMask\000"
 1869      4275734D 
 1869      61737465 
 1869      724D6173 
 1869      6B00
 1870              	.LASF57:
 1871 111d 7363625F 		.ascii	"scb_6_interrupt_IRQn\000"
 1871      365F696E 
 1871      74657272 
 1871      7570745F 
 1871      4952516E 
 1872              	.LASF47:
 1873 1132 63707573 		.ascii	"cpuss_interrupts_ipc_12_IRQn\000"
 1873      735F696E 
 1873      74657272 
 1873      75707473 
 1873      5F697063 
 1874              	.LASF24:
 1875 114f 696F7373 		.ascii	"ioss_interrupts_gpio_14_IRQn\000"
 1875      5F696E74 
 1875      65727275 
 1875      7074735F 
 1875      6770696F 
 1876              	.LASF41:
 1877 116c 63707573 		.ascii	"cpuss_interrupts_ipc_6_IRQn\000"
 1877      735F696E 
 1877      74657272 
 1877      75707473 
 1877      5F697063 
 1878              	.LASF18:
 1879 1188 696F7373 		.ascii	"ioss_interrupts_gpio_8_IRQn\000"
 1879      5F696E74 
 1879      65727275 
 1879      7074735F 
 1879      6770696F 
 1880              	.LASF254:
ARM GAS  C:\Users\Lauriane\AppData\Local\Temp\cctuhgJG.s 			page 47


 1881 11a4 63707573 		.ascii	"cpussCm4PwrCtlOffset\000"
 1881      73436D34 
 1881      50777243 
 1881      746C4F66 
 1881      66736574 
 1882              	.LASF152:
 1883 11b9 736D6966 		.ascii	"smif_interrupt_IRQn\000"
 1883      5F696E74 
 1883      65727275 
 1883      70745F49 
 1883      52516E00 
 1884              	.LASF53:
 1885 11cd 7363625F 		.ascii	"scb_2_interrupt_IRQn\000"
 1885      325F696E 
 1885      74657272 
 1885      7570745F 
 1885      4952516E 
 1886              	.LASF13:
 1887 11e2 696F7373 		.ascii	"ioss_interrupts_gpio_3_IRQn\000"
 1887      5F696E74 
 1887      65727275 
 1887      7074735F 
 1887      6770696F 
 1888              	.LASF74:
 1889 11fe 63707573 		.ascii	"cpuss_interrupts_dw0_14_IRQn\000"
 1889      735F696E 
 1889      74657272 
 1889      75707473 
 1889      5F647730 
 1890              	.LASF211:
 1891 121b 70617373 		.ascii	"passSarChannels\000"
 1891      53617243 
 1891      68616E6E 
 1891      656C7300 
 1892              	.LASF82:
 1893 122b 63707573 		.ascii	"cpuss_interrupts_dw1_6_IRQn\000"
 1893      735F696E 
 1893      74657272 
 1893      75707473 
 1893      5F647731 
 1894              	.LASF130:
 1895 1247 74637077 		.ascii	"tcpwm_1_interrupts_22_IRQn\000"
 1895      6D5F315F 
 1895      696E7465 
 1895      72727570 
 1895      74735F32 
 1896              	.LASF60:
 1897 1262 63707573 		.ascii	"cpuss_interrupts_dw0_0_IRQn\000"
 1897      735F696E 
 1897      74657272 
 1897      75707473 
 1897      5F647730 
 1898              	.LASF256:
 1899 127e 63707573 		.ascii	"cpussTrimRomCtlOffset\000"
 1899      73547269 
 1899      6D526F6D 
 1899      43746C4F 
ARM GAS  C:\Users\Lauriane\AppData\Local\Temp\cctuhgJG.s 			page 48


 1899      66667365 
 1900              	.LASF271:
 1901 1294 696E7472 		.ascii	"intrPriority\000"
 1901      5072696F 
 1901      72697479 
 1901      00
 1902              	.LASF144:
 1903 12a1 7564625F 		.ascii	"udb_interrupts_12_IRQn\000"
 1903      696E7465 
 1903      72727570 
 1903      74735F31 
 1903      325F4952 
 1904              	.LASF9:
 1905 12b8 53797354 		.ascii	"SysTick_IRQn\000"
 1905      69636B5F 
 1905      4952516E 
 1905      00
 1906              	.LASF195:
 1907 12c5 6873696F 		.ascii	"hsiomVersion\000"
 1907      6D566572 
 1907      73696F6E 
 1907      00
 1908              	.LASF77:
 1909 12d2 63707573 		.ascii	"cpuss_interrupts_dw1_1_IRQn\000"
 1909      735F696E 
 1909      74657272 
 1909      75707473 
 1909      5F647731 
 1910              	.LASF264:
 1911 12ee 69706353 		.ascii	"ipcStructSize\000"
 1911      74727563 
 1911      7453697A 
 1911      6500
 1912              	.LASF169:
 1913 12fc 6C6F6E67 		.ascii	"long unsigned int\000"
 1913      20756E73 
 1913      69676E65 
 1913      6420696E 
 1913      7400
 1914              	.LASF103:
 1915 130e 74637077 		.ascii	"tcpwm_0_interrupts_3_IRQn\000"
 1915      6D5F305F 
 1915      696E7465 
 1915      72727570 
 1915      74735F33 
 1916              	.LASF260:
 1917 1328 63707573 		.ascii	"cpussRomCtl\000"
 1917      73526F6D 
 1917      43746C00 
 1918              	.LASF64:
 1919 1334 63707573 		.ascii	"cpuss_interrupts_dw0_4_IRQn\000"
 1919      735F696E 
 1919      74657272 
 1919      75707473 
 1919      5F647730 
 1920              	.LASF176:
 1921 1350 696E7433 		.ascii	"int32_t\000"
ARM GAS  C:\Users\Lauriane\AppData\Local\Temp\cctuhgJG.s 			page 49


 1921      325F7400 
 1922              	.LASF266:
 1923 1358 63795F73 		.ascii	"cy_stc_device_t\000"
 1923      74635F64 
 1923      65766963 
 1923      655F7400 
 1924              	.LASF113:
 1925 1368 74637077 		.ascii	"tcpwm_1_interrupts_5_IRQn\000"
 1925      6D5F315F 
 1925      696E7465 
 1925      72727570 
 1925      74735F35 
 1926              	.LASF140:
 1927 1382 7564625F 		.ascii	"udb_interrupts_8_IRQn\000"
 1927      696E7465 
 1927      72727570 
 1927      74735F38 
 1927      5F495251 
 1928              	.LASF183:
 1929 1398 75646242 		.ascii	"udbBase\000"
 1929      61736500 
 1930              	.LASF126:
 1931 13a0 74637077 		.ascii	"tcpwm_1_interrupts_18_IRQn\000"
 1931      6D5F315F 
 1931      696E7465 
 1931      72727570 
 1931      74735F31 
 1932              	.LASF7:
 1933 13bb 44656275 		.ascii	"DebugMonitor_IRQn\000"
 1933      674D6F6E 
 1933      69746F72 
 1933      5F495251 
 1933      6E00
 1934              	.LASF5:
 1935 13cd 55736167 		.ascii	"UsageFault_IRQn\000"
 1935      65466175 
 1935      6C745F49 
 1935      52516E00 
 1936              	.LASF275:
 1937 13dd 55415254 		.ascii	"UART_1_SCB_IRQ_cfg\000"
 1937      5F315F53 
 1937      43425F49 
 1937      52515F63 
 1937      666700
 1938              	.LASF135:
 1939 13f0 7564625F 		.ascii	"udb_interrupts_3_IRQn\000"
 1939      696E7465 
 1939      72727570 
 1939      74735F33 
 1939      5F495251 
 1940              	.LASF162:
 1941 1406 756E7369 		.ascii	"unsigned char\000"
 1941      676E6564 
 1941      20636861 
 1941      7200
 1942              	.LASF277:
 1943 1414 47656E65 		.ascii	"Generated_Source\\PSoC6\\cyfitter_sysint_cfg.c\000"
ARM GAS  C:\Users\Lauriane\AppData\Local\Temp\cctuhgJG.s 			page 50


 1943      72617465 
 1943      645F536F 
 1943      75726365 
 1943      5C50536F 
 1944              	.LASF168:
 1945 1441 5F5F7569 		.ascii	"__uint32_t\000"
 1945      6E743332 
 1945      5F7400
 1946              	.LASF265:
 1947 144c 6970634C 		.ascii	"ipcLockStatusOffset\000"
 1947      6F636B53 
 1947      74617475 
 1947      734F6666 
 1947      73657400 
 1948              	.LASF121:
 1949 1460 74637077 		.ascii	"tcpwm_1_interrupts_13_IRQn\000"
 1949      6D5F315F 
 1949      696E7465 
 1949      72727570 
 1949      74735F31 
 1950              	.LASF39:
 1951 147b 63707573 		.ascii	"cpuss_interrupts_ipc_4_IRQn\000"
 1951      735F696E 
 1951      74657272 
 1951      75707473 
 1951      5F697063 
 1952              	.LASF221:
 1953 1497 666C6173 		.ascii	"flashEraseDelay\000"
 1953      68457261 
 1953      73654465 
 1953      6C617900 
 1954              	.LASF65:
 1955 14a7 63707573 		.ascii	"cpuss_interrupts_dw0_5_IRQn\000"
 1955      735F696E 
 1955      74657272 
 1955      75707473 
 1955      5F647730 
 1956              	.LASF227:
 1957 14c3 64774368 		.ascii	"dwChOffset\000"
 1957      4F666673 
 1957      657400
 1958              	.LASF88:
 1959 14ce 63707573 		.ascii	"cpuss_interrupts_dw1_12_IRQn\000"
 1959      735F696E 
 1959      74657272 
 1959      75707473 
 1959      5F647731 
 1960              	.LASF26:
 1961 14eb 696F7373 		.ascii	"ioss_interrupt_vdd_IRQn\000"
 1961      5F696E74 
 1961      65727275 
 1961      70745F76 
 1961      64645F49 
 1962              	.LASF161:
 1963 1503 5F5F7569 		.ascii	"__uint8_t\000"
 1963      6E74385F 
 1963      7400
ARM GAS  C:\Users\Lauriane\AppData\Local\Temp\cctuhgJG.s 			page 51


 1964              	.LASF49:
 1965 150d 63707573 		.ascii	"cpuss_interrupts_ipc_14_IRQn\000"
 1965      735F696E 
 1965      74657272 
 1965      75707473 
 1965      5F697063 
 1966              	.LASF0:
 1967 152a 52657365 		.ascii	"Reset_IRQn\000"
 1967      745F4952 
 1967      516E00
 1968              	.LASF217:
 1969 1535 666C6173 		.ascii	"flashRwwRequired\000"
 1969      68527777 
 1969      52657175 
 1969      69726564 
 1969      00
 1970              	.LASF246:
 1971 1546 6770696F 		.ascii	"gpioPrtCfgOffset\000"
 1971      50727443 
 1971      66674F66 
 1971      66736574 
 1971      00
 1972              	.LASF212:
 1973 1557 65704D6F 		.ascii	"epMonitorNr\000"
 1973      6E69746F 
 1973      724E7200 
 1974              	.LASF2:
 1975 1563 48617264 		.ascii	"HardFault_IRQn\000"
 1975      4661756C 
 1975      745F4952 
 1975      516E00
 1976              	.LASF159:
 1977 1572 7369676E 		.ascii	"signed char\000"
 1977      65642063 
 1977      68617200 
 1978              	.LASF148:
 1979 157e 70617373 		.ascii	"pass_interrupt_sar_IRQn\000"
 1979      5F696E74 
 1979      65727275 
 1979      70745F73 
 1979      61725F49 
 1980              	.LASF132:
 1981 1596 7564625F 		.ascii	"udb_interrupts_0_IRQn\000"
 1981      696E7465 
 1981      72727570 
 1981      74735F30 
 1981      5F495251 
 1982              	.LASF200:
 1983 15ac 63707573 		.ascii	"cpussIpcIrqNr\000"
 1983      73497063 
 1983      4972714E 
 1983      7200
 1984              	.LASF230:
 1985 15ba 64774368 		.ascii	"dwChCtlPreemptablePos\000"
 1985      43746C50 
 1985      7265656D 
 1985      70746162 
ARM GAS  C:\Users\Lauriane\AppData\Local\Temp\cctuhgJG.s 			page 52


 1985      6C65506F 
 1986              	.LASF118:
 1987 15d0 74637077 		.ascii	"tcpwm_1_interrupts_10_IRQn\000"
 1987      6D5F315F 
 1987      696E7465 
 1987      72727570 
 1987      74735F31 
 1988              	.LASF15:
 1989 15eb 696F7373 		.ascii	"ioss_interrupts_gpio_5_IRQn\000"
 1989      5F696E74 
 1989      65727275 
 1989      7074735F 
 1989      6770696F 
 1990              	.LASF44:
 1991 1607 63707573 		.ascii	"cpuss_interrupts_ipc_9_IRQn\000"
 1991      735F696E 
 1991      74657272 
 1991      75707473 
 1991      5F697063 
 1992              	.LASF197:
 1993 1623 70657269 		.ascii	"periVersion\000"
 1993      56657273 
 1993      696F6E00 
 1994              	.LASF93:
 1995 162f 63707573 		.ascii	"cpuss_interrupts_fault_1_IRQn\000"
 1995      735F696E 
 1995      74657272 
 1995      75707473 
 1995      5F666175 
 1996              	.LASF269:
 1997 164d 646F7562 		.ascii	"double\000"
 1997      6C6500
 1998              	.LASF187:
 1999 1654 70617373 		.ascii	"passBase\000"
 1999      42617365 
 1999      00
 2000              	.LASF224:
 2001 165d 666C6173 		.ascii	"flashCtlMainWs2Freq\000"
 2001      6843746C 
 2001      4D61696E 
 2001      57733246 
 2001      72657100 
 2002              	.LASF10:
 2003 1671 696F7373 		.ascii	"ioss_interrupts_gpio_0_IRQn\000"
 2003      5F696E74 
 2003      65727275 
 2003      7074735F 
 2003      6770696F 
 2004              	.LASF71:
 2005 168d 63707573 		.ascii	"cpuss_interrupts_dw0_11_IRQn\000"
 2005      735F696E 
 2005      74657272 
 2005      75707473 
 2005      5F647730 
 2006              	.LASF226:
 2007 16aa 666C6173 		.ascii	"flashCtlMainWs4Freq\000"
 2007      6843746C 
ARM GAS  C:\Users\Lauriane\AppData\Local\Temp\cctuhgJG.s 			page 53


 2007      4D61696E 
 2007      57733446 
 2007      72657100 
 2008              	.LASF79:
 2009 16be 63707573 		.ascii	"cpuss_interrupts_dw1_3_IRQn\000"
 2009      735F696E 
 2009      74657272 
 2009      75707473 
 2009      5F647731 
 2010              	.LASF105:
 2011 16da 74637077 		.ascii	"tcpwm_0_interrupts_5_IRQn\000"
 2011      6D5F305F 
 2011      696E7465 
 2011      72727570 
 2011      74735F35 
 2012              	.LASF94:
 2013 16f4 63707573 		.ascii	"cpuss_interrupt_crypto_IRQn\000"
 2013      735F696E 
 2013      74657272 
 2013      7570745F 
 2013      63727970 
 2014              	.LASF100:
 2015 1710 74637077 		.ascii	"tcpwm_0_interrupts_0_IRQn\000"
 2015      6D5F305F 
 2015      696E7465 
 2015      72727570 
 2015      74735F30 
 2016              	.LASF196:
 2017 172a 69706356 		.ascii	"ipcVersion\000"
 2017      65727369 
 2017      6F6E00
 2018              	.LASF38:
 2019 1735 63707573 		.ascii	"cpuss_interrupts_ipc_3_IRQn\000"
 2019      735F696E 
 2019      74657272 
 2019      75707473 
 2019      5F697063 
 2020              	.LASF233:
 2021 1751 70657269 		.ascii	"periTrCmdOffset\000"
 2021      5472436D 
 2021      644F6666 
 2021      73657400 
 2022              	.LASF58:
 2023 1761 7363625F 		.ascii	"scb_7_interrupt_IRQn\000"
 2023      375F696E 
 2023      74657272 
 2023      7570745F 
 2023      4952516E 
 2024              	.LASF98:
 2025 1776 63707573 		.ascii	"cpuss_interrupts_cm4_cti_0_IRQn\000"
 2025      735F696E 
 2025      74657272 
 2025      75707473 
 2025      5F636D34 
 2026              	.LASF110:
 2027 1796 74637077 		.ascii	"tcpwm_1_interrupts_2_IRQn\000"
 2027      6D5F315F 
ARM GAS  C:\Users\Lauriane\AppData\Local\Temp\cctuhgJG.s 			page 54


 2027      696E7465 
 2027      72727570 
 2027      74735F32 
 2028              		.ident	"GCC: (GNU Tools for ARM Embedded Processors) 5.4.1 20160609 (release) [ARM/embedded-5-bran
